puzzle #1:
Across
Down

puzzle #2:
Across
  1.I
Down
  1.I

puzzle #3:
Across
Down

puzzle #4:
Across
  1.N
Down
  1.N

puzzle #5:
Across
  1.P
Down
  1.P

puzzle #6:
Across
  1.C
Down
  1.C

puzzle #7:
Across
Down

puzzle #8:
Across
  1.TM
Down
  1.T
  2.M

puzzle #9:
Across
  1.L
Down
  1.L

puzzle #10:
Across
  1.RK
Down
  1.R
  2.K

puzzle #11:
Across
Down

puzzle #12:
Across
  1.SOI
Down
  1.S
  2.O
  3.I

puzzle #13:
Across
  1.M
  2.Q
Down
  1.M
  2.Q

puzzle #14:
Across
  1.D
  2.RG
Down
  1.D
  2.R
  3.G

puzzle #15:
Across
Down

puzzle #16:
Across
  1.UHLY
Down
  1.U
  2.H
  3.L
  4.Y

puzzle #17:
Across
  1.F
  2.T
Down
  1.F
  2.T

puzzle #18:
Across
  1.BELDK
Down
  1.B
  2.E
  3.L
  4.D
  5.K

puzzle #19:
Across
Down

puzzle #20:
Across
  1.SRGPD
Down
  1.S
  2.R
  3.G
  4.P
  5.D

puzzle #21:
Across
  1.M
  2.J
  3.D
Down
  1.M
  2.J
  3.D

puzzle #22:
Across
  1.DSCUI
Down
  1.D
  2.S
  3.C
  4.U
  5.I

puzzle #23:
Across
Down

puzzle #24:
Across
  1.BTUJXH
Down
  1.B
  2.T
  3.U
  4.J
  5.X
  6.H

puzzle #25:
Across
  1.E
  2.G
  3.G
Down
  1.E
  2.G
  3.G

puzzle #26:
Across
  1.QMAJWL
Down
  1.Q
  2.M
  3.A
  4.J
  5.W
  6.L

puzzle #27:
Across
Down

puzzle #28:
Across
  1.KEVBLLK
Down
  1.K
  2.E
  3.V
  4.B
  5.L
  6.L
  7.K

puzzle #29:
Across
  1.F
  2.E
  3.T
  4.A
Down
  1.F
  2.E
  3.T
  4.A

puzzle #30:
Across
  1.ONCJH
  6.DY
Down
  1.O
  2.N
  3.C
  4.J
  5.H
  6.D
  7.Y

puzzle #31:
Across
Down

puzzle #32:
Across
  1.BXXJSKXK
Down
  1.B
  2.X
  3.X
  4.J
  5.S
  6.K
  7.X
  8.K

puzzle #33:
Across
  1.U
  2.Y
  3.G
  4.M
Down
  1.U
  2.Y
  3.G
  4.M

puzzle #34:
Across
  1.WKYF
  5.K
  6.P
Down
  1.W
  2.K
  3.Y
  4.F
  5.K
  6.P

puzzle #35:
Across
Down

puzzle #36:
Across
  1.FOEKAAPOV
Down
  1.F
  2.O
  3.E
  4.K
  5.A
  6.A
  7.P
  8.O
  9.V

puzzle #37:
Across
  1.B
  2.W
  3.S
  4.W
  5.T
Down
  1.B
  2.W
  3.S
  4.W
  5.T

puzzle #38:
Across
  1.XPXNYNBVLD
Down
  1.X
  2.P
  3.X
  4.N
  5.Y
  6.N
  7.B
  8.V
  9.L
 10.D

puzzle #39:
Across
Down

puzzle #40:
Across
  1.BXMVRCNQIW
Down
  1.B
  2.X
  3.M
  4.V
  5.R
  6.C
  7.N
  8.Q
  9.I
 10.W

puzzle #41:
Across
  1.T
Down
  1.T

puzzle #42:
Across
  1.K
  2.J
Down
  1.KJ

puzzle #43:
Across
Down

puzzle #44:
Across
  1.Q
  2.B
Down
  1.QB

puzzle #45:
Across
  1.A
  2.D
Down
  1.A
  2.D

puzzle #46:
Across
  1.KO
  3.LB
Down
  1.KL
  2.OB

puzzle #47:
Across
Down

puzzle #48:
Across
  1.UV
  3.DU
Down
  1.UD
  2.VU

puzzle #49:
Across
  1.U
  2.E
  3.Y
Down
  1.U
  2.E
  3.Y

puzzle #50:
Across
  1.I
  2.RGC
Down
  1.IG
  2.R
  3.C

puzzle #51:
Across
Down

puzzle #52:
Across
  1.YTP
  4.WBD
Down
  1.YW
  2.TB
  3.PD

puzzle #53:
Across
  1.P
  2.V
  3.B
  4.R
Down
  1.P
  2.V
  3.B
  4.R

puzzle #54:
Across
  1.NGHL
  5.XOQU
Down
  1.NX
  2.GO
  3.HQ
  4.LU

puzzle #55:
Across
Down

puzzle #56:
Across
  1.KOPR
  5.KERA
Down
  1.KK
  2.OE
  3.PR
  4.RA

puzzle #57:
Across
  1.P
  2.U
  3.S
  4.G
  5.O
Down
  1.P
  2.U
  3.S
  4.G
  5.O

puzzle #58:
Across
  1.C
  2.V
  3.M
  4.PINBL
Down
  1.CP
  2.VN
  3.ML
  5.I
  6.B

puzzle #59:
Across
Down

puzzle #60:
Across
  1.OEWHD
  6.RFPEA
Down
  1.OR
  2.EF
  3.WP
  4.HE
  5.DA

puzzle #61:
Across
  1.E
  2.Q
  3.N
  4.R
  5.I
  6.A
Down
  1.E
  2.Q
  3.N
  4.R
  5.I
  6.A

puzzle #62:
Across
  1.RRNHUT
  7.OCFKU
Down
  1.R
  2.RO
  3.NC
  4.HF
  5.UK
  6.TU

puzzle #63:
Across
Down

puzzle #64:
Across
  1.GSENHE
  7.HOMPWY
Down
  1.GH
  2.SO
  3.EM
  4.NP
  5.HW
  6.EY

puzzle #65:
Across
  1.J
  2.J
  3.I
  4.V
  5.H
  6.Y
  7.N
Down
  1.J
  2.J
  3.I
  4.V
  5.H
  6.Y
  7.N

puzzle #66:
Across
  1.BBPPUOS
  8.ESAJR
  9.O
Down
  1.BE
  2.BS
  3.PA
  4.PJ
  5.UR
  6.O
  7.SO

puzzle #67:
Across
Down

puzzle #68:
Across
  1.KKBNKDA
  8.BPBSGLI
Down
  1.KB
  2.KP
  3.BB
  4.NS
  5.KG
  6.DL
  7.AI

puzzle #69:
Across
  1.Y
  2.W
  3.G
  4.A
  5.Y
  6.F
  7.I
  8.S
Down
  1.Y
  2.W
  3.G
  4.A
  5.Y
  6.F
  7.I
  8.S

puzzle #70:
Across
  1.Y
  2.IKSIJ
  7.JQDDMKA
Down
  1.YJ
  2.ID
  3.KM
  4.SK
  5.IA
  6.J
  8.Q
  9.D

puzzle #71:
Across
Down

puzzle #72:
Across
  1.ANDHIWNU
  9.TAVFBBIO
Down
  1.AT
  2.NA
  3.DV
  4.HF
  5.IB
  6.WB
  7.NI
  8.UO

puzzle #73:
Across
  1.C
  2.P
  3.T
  4.P
  5.F
  6.C
  7.Y
  8.M
  9.Y
Down
  1.C
  2.P
  3.T
  4.P
  5.F
  6.C
  7.Y
  8.M
  9.Y

puzzle #74:
Across
  1.GRQKCK
  7.DF
  9.KIYVQBWAV
Down
  1.GK
  2.RI
  3.QY
  4.KV
  5.CQ
  6.KB
  7.DA
  8.FV
 10.W

puzzle #75:
Across
Down

puzzle #76:
Across
  1.QKVGIOBMB
 10.HGCKJDEEH
Down
  1.QH
  2.KG
  3.VC
  4.GK
  5.IJ
  6.OD
  7.BE
  8.ME
  9.BH

puzzle #77:
Across
  1.H
  2.C
  3.S
  4.C
  5.C
  6.M
  7.P
  8.E
  9.G
 10.T
Down
  1.H
  2.C
  3.S
  4.C
  5.C
  6.M
  7.P
  8.E
  9.G
 10.T

puzzle #78:
Across
  1.PQJ
  4.T
  5.UV
  7.VUMRP
  9.GWS
Down
  1.PM
  2.QR
  3.JP
  4.T
  5.UW
  6.VS
  7.V
  8.U
  9.G

puzzle #79:
Across
Down

puzzle #80:
Across
  1.WRVMEJCTUX
 11.OMVHOVWPSR
Down
  1.WO
  2.RM
  3.VV
  4.MH
  5.EO
  6.JV
  7.CW
  8.TP
  9.US
 10.XR

puzzle #81:
Across
  1.P
Down
  1.P

puzzle #82:
Across
  1.J
  2.E
  3.U
Down
  1.JEU

puzzle #83:
Across
Down

puzzle #84:
Across
  1.W
  2.A
  3.F
Down
  1.WAF

puzzle #85:
Across
  1.N
  2.P
  3.P
Down
  1.N
  2.P
  3.P

puzzle #86:
Across
  1.YC
  3.R
  4.XW
Down
  1.Y
  2.CRW
  4.X

puzzle #87:
Across
Down

puzzle #88:
Across
  1.RP
  3.VK
  4.VM
Down
  1.RVV
  2.PKM

puzzle #89:
Across
  1.Q
  2.L
  3.U
  4.Q
Down
  1.Q
  2.L
  3.U
  4.Q

puzzle #90:
Across
  1.UNB
  4.OCO
  5.P
  6.V
Down
  1.UOP
  2.NC
  3.BOV

puzzle #91:
Across
Down

puzzle #92:
Across
  1.KFR
  4.NFR
  5.MFR
Down
  1.KNM
  2.FFF
  3.RRR

puzzle #93:
Across
  1.R
  2.W
  3.S
  4.D
  5.F
  6.K
Down
  1.R
  2.W
  3.S
  4.D
  5.F
  6.K

puzzle #94:
Across
  1.VWC
  4.JJ
  5.BRMC
Down
  1.VJB
  2.WJR
  3.C
  6.M
  7.C

puzzle #95:
Across
Down

puzzle #96:
Across
  1.OLMS
  5.RMNQ
  6.DTSQ
Down
  1.ORD
  2.LMT
  3.MNS
  4.SQQ

puzzle #97:
Across
  1.C
  2.U
  3.R
  4.S
  5.U
  6.C
  7.L
Down
  1.C
  2.U
  3.R
  4.S
  5.U
  6.C
  7.L

puzzle #98:
Across
  1.YTW
  4.X
  5.KPSBY
  7.XWJM
Down
  1.YK
  2.TPX
  3.WSW
  4.XYM
  6.BJ

puzzle #99:
Across
Down

puzzle #100:
Across
  1.JXICV
  6.JGYCK
  7.NLBTJ
Down
  1.JJN
  2.XGL
  3.IYB
  4.CCT
  5.VKJ

puzzle #101:
Across
  1.S
  2.A
  3.T
  4.W
  5.Q
  6.Y
  7.Q
  8.N
  9.J
Down
  1.S
  2.A
  3.T
  4.W
  5.Q
  6.Y
  7.Q
  8.N
  9.J

puzzle #102:
Across
  1.QNK
  4.S
  5.XHIQVD
  8.DXGJX
Down
  1.QXD
  2.NHX
  3.KIG
  4.SVX
  6.QJ
  7.D

puzzle #103:
Across
Down

puzzle #104:
Across
  1.MTJKYT
  7.OKOYUG
  8.OWWVDC
Down
  1.MOO
  2.TKW
  3.JOW
  4.KYV
  5.YUD
  6.TGC

puzzle #105:
Across
  1.D
  2.X
  3.E
  4.O
  5.J
  6.C
  7.E
  8.R
  9.K
 10.O
Down
  1.D
  2.X
  3.E
  4.O
  5.J
  6.C
  7.E
  8.R
  9.K
 10.O

puzzle #106:
Across
  1.UO
  3.DMDW
  7.LE
  8.I
  9.ME
 10.FYYGHH
Down
  1.ULF
  2.OEY
  3.DIG
  4.M
  5.DMH
  6.WE
 11.Y
 12.H

puzzle #107:
Across
Down

puzzle #108:
Across
  1.YPKLIEM
  8.LHILSTL
  9.VTJFCKX
Down
  1.YLV
  2.PHT
  3.KIJ
  4.LLF
  5.ISC
  6.ETK
  7.MLX

puzzle #109:
Across
  1.L
  2.B
  3.L
  4.G
  5.U
  6.C
  7.C
  8.K
  9.Y
 10.D
 11.X
 12.J
Down
  1.L
  2.B
  3.L
  4.G
  5.U
  6.C
  7.C
  8.K
  9.Y
 10.D
 11.X
 12.J

puzzle #110:
Across
  1.R
  2.VKKCA
  7.QABB
  9.P
 10.S
 11.YHEPMMPO
Down
  1.RQY
  2.VBE
  3.KBP
  4.K
  5.CPM
  6.A
  8.AH
 10.SO
 12.M
 13.P

puzzle #111:
Across
Down

puzzle #112:
Across
  1.AOJMGTKC
  9.RTQGOHSU
 10.LENDDNPY
Down
  1.ARL
  2.OTE
  3.JQN
  4.MGD
  5.GOD
  6.THN
  7.KSP
  8.CUY

puzzle #113:
Across
  1.Y
  2.I
  3.P
  4.F
  5.S
  6.K
  7.W
  8.N
  9.M
 10.W
 11.B
 12.X
 13.W
Down
  1.Y
  2.I
  3.P
  4.F
  5.S
  6.K
  7.W
  8.N
  9.M
 10.W
 11.B
 12.X
 13.W

puzzle #114:
Across
  1.Y
  2.UQXRP
  7.N
  8.UNSMMGXH
 11.OG
 12.BSOUHE
Down
  1.YUO
  2.US
  3.QMB
  4.XMS
  5.RGO
  6.PXU
  7.N
  9.NG
 10.HH
 13.E

puzzle #115:
Across
Down

puzzle #116:
Across
  1.BEGPOIOYF
 10.DLESMWCOP
 11.ICSLSPPVP
Down
  1.BDI
  2.ELC
  3.GES
  4.PSL
  5.OMS
  6.IWP
  7.OCP
  8.YOV
  9.FPP

puzzle #117:
Across
  1.X
  2.E
  3.U
  4.A
  5.M
  6.Y
  7.R
  8.Y
  9.P
 10.M
 11.Q
 12.Q
 13.M
 14.O
 15.P
Down
  1.X
  2.E
  3.U
  4.A
  5.M
  6.Y
  7.R
  8.Y
  9.P
 10.M
 11.Q
 12.Q
 13.M
 14.O
 15.P

puzzle #118:
Across
  1.X
  2.VKV
  5.J
  6.X
  7.VBYQDEGQ
 11.P
 12.CFVK
 13.RKKSH
Down
  1.XVC
  2.VYV
  3.KQK
  4.VD
  5.JGK
  6.XPH
  8.BF
  9.ER
 10.QK
 14.S

puzzle #119:
Across
Down

puzzle #120:
Across
  1.CQMKBRENID
 11.NSGFVOQUVE
 12.ONUMXKVBDK
Down
  1.CNO
  2.QSN
  3.MGU
  4.KFM
  5.BVX
  6.ROK
  7.EQV
  8.NUB
  9.IVD
 10.DEK

puzzle #121:
Across
  1.T
  2.J
Down
  1.T
  2.J

puzzle #122:
Across
  1.F
  2.D
  3.Q
  4.G
Down
  1.FDQG

puzzle #123:
Across
Down

puzzle #124:
Across
  1.R
  2.U
  3.F
  4.A
Down
  1.RUFA

puzzle #125:
Across
  1.A
  2.K
  3.F
  4.H
Down
  1.A
  2.K
  3.F
  4.H

puzzle #126:
Across
  1.G
  2.L
  3.O
  4.IS
Down
  1.GLOI
  5.S

puzzle #127:
Across
Down

puzzle #128:
Across
  1.FS
  3.XH
  4.AI
  5.HS
Down
  1.FXAH
  2.SHIS

puzzle #129:
Across
  1.C
  2.C
  3.B
  4.F
  5.X
  6.J
Down
  1.C
  2.C
  3.B
  4.F
  5.X
  6.J

puzzle #130:
Across
  1.IJJ
  4.HRA
  5.CQG
  6.L
Down
  1.IHCL
  2.JRQ
  3.JAG

puzzle #131:
Across
Down

puzzle #132:
Across
  1.CUS
  4.ATR
  5.QUQ
  6.YFG
Down
  1.CAQY
  2.UTUF
  3.SRQG

puzzle #133:
Across
  1.X
  2.R
  3.I
  4.R
  5.E
  6.E
  7.D
  8.Y
Down
  1.X
  2.R
  3.I
  4.R
  5.E
  6.E
  7.D
  8.Y

puzzle #134:
Across
  1.KT
  3.GH
  4.V
  5.LDRB
  7.AHAH
Down
  1.KHDH
  2.T
  3.GLA
  4.VBH
  6.RA

puzzle #135:
Across
Down

puzzle #136:
Across
  1.TMRO
  5.KVNB
  6.MRAB
  7.WKGI
Down
  1.TKMW
  2.MVRK
  3.RNAG
  4.OBBI

puzzle #137:
Across
  1.L
  2.T
  3.Q
  4.A
  5.A
  6.T
  7.Y
  8.G
  9.I
 10.T
Down
  1.L
  2.T
  3.Q
  4.A
  5.A
  6.T
  7.Y
  8.G
  9.I
 10.T

puzzle #138:
Across
  1.IBQP
  5.K
  6.KQJ
  8.TL
 10.G
 11.O
 12.LU
Down
  1.IKTO
  2.B
  3.QK
  4.PQ
  7.JG
  9.L
 12.L
 13.U

puzzle #139:
Across
Down

puzzle #140:
Across
  1.KYABQ
  6.USUSI
  7.DKJBJ
  8.FJYVW
Down
  1.KUDF
  2.YSKJ
  3.AUJY
  4.BSBV
  5.QIJW

puzzle #141:
Across
  1.N
  2.K
  3.L
  4.F
  5.B
  6.K
  7.Q
  8.T
  9.F
 10.Y
 11.U
 12.G
Down
  1.N
  2.K
  3.L
  4.F
  5.B
  6.K
  7.Q
  8.T
  9.F
 10.Y
 11.U
 12.G

puzzle #142:
Across
  1.GP
  3.WY
  5.CG
  6.KR
  7.QA
  9.V
 10.H
 11.LCPA
Down
  1.GC
  2.PGQ
  3.WRVP
  4.Y
  6.K
  8.AL
 10.H
 12.C
 13.A

puzzle #143:
Across
Down

puzzle #144:
Across
  1.BVGUTI
  7.ILTQHT
  8.YOHXKX
  9.QUVYEY
Down
  1.BIYQ
  2.VLOU
  3.GTHV
  4.UQXY
  5.THKE
  6.ITXY

puzzle #145:
Across
  1.V
  2.B
  3.T
  4.D
  5.K
  6.I
  7.K
  8.A
  9.J
 10.W
 11.X
 12.K
 13.T
 14.N
Down
  1.V
  2.B
  3.T
  4.D
  5.K
  6.I
  7.K
  8.A
  9.J
 10.W
 11.X
 12.K
 13.T
 14.N

puzzle #146:
Across
  1.FMTK
  5.QN
  7.JNM
  8.BK
  9.FX
 10.NBN
 11.KK
 12.LOUJ
Down
  1.F
  2.MJFK
  3.TNX
  4.KM
  5.QBBU
  6.NKNJ
 10.NO
 11.K
 12.L

puzzle #147:
Across
Down

puzzle #148:
Across
  1.AHFSQPF
  8.CTIJHOA
  9.HUMINWO
 10.FHVIDUM
Down
  1.ACHF
  2.HTUH
  3.FIMV
  4.SJII
  5.QHND
  6.POWU
  7.FAOM

puzzle #149:
Across
  1.C
  2.P
  3.P
  4.W
  5.E
  6.I
  7.J
  8.H
  9.G
 10.G
 11.O
 12.G
 13.U
 14.R
 15.A
 16.O
Down
  1.C
  2.P
  3.P
  4.W
  5.E
  6.I
  7.J
  8.H
  9.G
 10.G
 11.O
 12.G
 13.U
 14.R
 15.A
 16.O

puzzle #150:
Across
  1.N
  2.DS
  4.KBN
  7.K
  8.CLIUPN
 10.KFUNTHC
 12.D
 13.LM
 14.UB
Down
  1.NKKD
  2.DCU
  3.SLNL
  4.KUH
  5.BPCU
  6.NN
  9.ITM
 11.F
 15.B

puzzle #151:
Across
Down

puzzle #152:
Across
  1.EUIYDELD
  9.CKPAKJXH
 10.TXVNCOBS
 11.WINUJBWL
Down
  1.ECTW
  2.UKXI
  3.IPVN
  4.YANU
  5.DKCJ
  6.EJOB
  7.LXBW
  8.DHSL

puzzle #153:
Across
  1.T
  2.Q
  3.P
  4.K
  5.S
  6.O
  7.H
  8.W
  9.I
 10.P
 11.S
 12.T
 13.E
 14.F
 15.O
 16.B
 17.U
 18.Y
Down
  1.T
  2.Q
  3.P
  4.K
  5.S
  6.O
  7.H
  8.W
  9.I
 10.P
 11.S
 12.T
 13.E
 14.F
 15.O
 16.B
 17.U
 18.Y

puzzle #154:
Across
  1.BOAW
  5.CCOO
  9.KBWXYSIYJ
 11.YALKAIBMF
 12.OL
 13.RINB
Down
  1.BKY
  2.OBA
  3.AWLO
  4.WXKL
  5.CSIR
  6.CIBI
  7.OYMN
  8.OJFB
 10.YA

puzzle #155:
Across
Down

puzzle #156:
Across
  1.VDIYOMYOE
 10.MMNPNMMPV
 11.DCRTTKUAX
 12.XHYUHMDQG
Down
  1.VMDX
  2.DMCH
  3.INRY
  4.YPTU
  5.ONTH
  6.MMKM
  7.YMUD
  8.OPAQ
  9.EVXG

puzzle #157:
Across
  1.Y
  2.H
  3.C
  4.Q
  5.P
  6.Q
  7.Y
  8.O
  9.I
 10.P
 11.R
 12.M
 13.S
 14.F
 15.A
 16.Q
 17.I
 18.S
 19.H
 20.O
Down
  1.Y
  2.H
  3.C
  4.Q
  5.P
  6.Q
  7.Y
  8.O
  9.I
 10.P
 11.R
 12.M
 13.S
 14.F
 15.A
 16.Q
 17.I
 18.S
 19.H
 20.O

puzzle #158:
Across
  1.JSBP
  5.OPFUA
 10.WWLBGFH
 12.H
 13.D
 14.S
 15.IX
 16.K
 17.XVTABGNB
 22.N
Down
  1.J
  2.SW
  3.BW
  4.PLSA
  5.OGIG
  6.PFXN
  7.FH
  8.U
  9.AH
 11.B
 13.DX
 16.K
 18.V
 19.T
 20.B
 21.B
 22.N

puzzle #159:
Across
Down

puzzle #160:
Across
  1.ORTEEHYMLU
 11.XRANRRXPSC
 12.GMOVSJDQFW
 13.NBBLSNNPYQ
Down
  1.OXGN
  2.RRMB
  3.TAOB
  4.ENVL
  5.ERSS
  6.HRJN
  7.YXDN
  8.MPQP
  9.LSFY
 10.UCWQ

puzzle #161:
Across
  1.T
  2.K
Down
  1.T
  2.K

puzzle #162:
Across
  1.S
  2.L
  3.T
  4.F
Down
  1.SLTF

puzzle #163:
Across
Down

puzzle #164:
Across
  1.V
  2.F
  3.F
  4.G
  5.U
Down
  1.VFFGU

puzzle #165:
Across
  1.P
  2.J
  3.Q
  4.O
  5.E
Down
  1.P
  2.J
  3.Q
  4.O
  5.E

puzzle #166:
Across
  1.OC
  3.J
  4.RI
  5.H
Down
  1.O
  2.CJI
  4.RH

puzzle #167:
Across
Down

puzzle #168:
Across
  1.GY
  3.YD
  4.NH
  5.YC
  6.CB
Down
  1.GYNYC
  2.YDHCB

puzzle #169:
Across
  1.T
  2.C
  3.V
  4.E
  5.D
  6.D
  7.I
Down
  1.T
  2.C
  3.V
  4.E
  5.D
  6.D
  7.I

puzzle #170:
Across
  1.JJX
  4.SLL
  5.T
  6.N
  7.WHD
  9.UE
Down
  1.JSTWU
  2.JL
  3.XLND
  8.HE

puzzle #171:
Across
Down

puzzle #172:
Across
  1.GBL
  4.KNI
  5.VWC
  6.HCJ
  7.HAT
Down
  1.GKVHH
  2.BNWCA
  3.LICJT

puzzle #173:
Across
  1.O
  2.N
  3.K
  4.O
  5.W
  6.R
  7.O
  8.E
  9.C
 10.W
Down
  1.O
  2.N
  3.K
  4.O
  5.W
  6.R
  7.O
  8.E
  9.C
 10.W

puzzle #174:
Across
  1.E
  2.V
  3.TJHV
  6.GMV
  7.CQMC
  8.OEX
Down
  1.ET
  2.VVVC
  4.JGQE
  5.HMMX
  7.CO

puzzle #175:
Across
Down

puzzle #176:
Across
  1.DXIK
  5.ISOA
  6.GDKR
  7.BVGY
  8.DLHG
Down
  1.DIGBD
  2.XSDVL
  3.IOKGH
  4.KARYG

puzzle #177:
Across
  1.V
  2.G
  3.M
  4.O
  5.B
  6.I
  7.V
  8.I
  9.P
 10.A
 11.C
 12.D
Down
  1.V
  2.G
  3.M
  4.O
  5.B
  6.I
  7.V
  8.I
  9.P
 10.A
 11.C
 12.D

puzzle #178:
Across
  1.HNESS
  6.Y
  7.FE
  8.QKKMU
 11.CJQKI
 12.FI
 13.XY
Down
  1.HYQCF
  2.N
  3.EFKQ
  4.SEMKX
  5.S
  9.KJI
 10.UIY

puzzle #179:
Across
Down

puzzle #180:
Across
  1.YXWST
  6.WOVJN
  7.PRPMA
  8.QXDHF
  9.MXDPX
Down
  1.YWPQM
  2.XORXX
  3.WVPDD
  4.SJMHP
  5.TNAFX

puzzle #181:
Across
  1.P
  2.S
  3.T
  4.Q
  5.Y
  6.J
  7.U
  8.A
  9.B
 10.H
 11.E
 12.J
 13.S
 14.G
 15.V
Down
  1.P
  2.S
  3.T
  4.Q
  5.Y
  6.J
  7.U
  8.A
  9.B
 10.H
 11.E
 12.J
 13.S
 14.G
 15.V

puzzle #182:
Across
  1.ITLQO
  6.HK
  7.DNS
  8.DVI
 10.AG
 11.C
 12.Q
 13.QOEPTG
Down
  1.IKVGO
  2.T
  3.LD
  4.QN
  5.OS
  6.HDAQ
  9.I
 11.CP
 12.QG
 14.E
 15.T

puzzle #183:
Across
Down

puzzle #184:
Across
  1.NFAKDY
  7.EJFWYE
  8.WCTPLW
  9.PANXMW
 10.EPCLFW
Down
  1.NEWPE
  2.FJCAP
  3.AFTNC
  4.KWPXL
  5.DYLMF
  6.YEWWW

puzzle #185:
Across
  1.H
  2.O
  3.K
  4.G
  5.J
  6.N
  7.J
  8.M
  9.O
 10.G
 11.T
 12.J
 13.T
 14.V
 15.K
 16.X
 17.P
Down
  1.H
  2.O
  3.K
  4.G
  5.J
  6.N
  7.J
  8.M
  9.O
 10.G
 11.T
 12.J
 13.T
 14.V
 15.K
 16.X
 17.P

puzzle #186:
Across
  1.NFUCKD
  7.G
  8.RT
 10.R
 11.U
 12.X
 13.Q
 14.EQBA
 17.OW
 18.XPHXYJ
Down
  1.N
  2.FG
  3.U
  4.C
  5.K
  6.DR
  9.TQWJ
 10.RE
 11.UBP
 12.X
 15.QX
 16.AH
 17.OY
 19.X

puzzle #187:
Across
Down

puzzle #188:
Across
  1.AENWYVH
  8.DMSDJMV
  9.MMOCTHB
 10.NMOPMYA
 11.CMPKNDH
Down
  1.ADMNC
  2.EMMMM
  3.NSOOP
  4.WDCPK
  5.YJTMN
  6.VMHYD
  7.HVBAH

puzzle #189:
Across
  1.K
  2.V
  3.P
  4.G
  5.S
  6.E
  7.J
  8.U
  9.G
 10.E
 11.U
 12.C
 13.M
 14.U
 15.D
 16.Y
 17.C
 18.S
 19.W
 20.M
Down
  1.K
  2.V
  3.P
  4.G
  5.S
  6.E
  7.J
  8.U
  9.G
 10.E
 11.U
 12.C
 13.M
 14.U
 15.D
 16.Y
 17.C
 18.S
 19.W
 20.M

puzzle #190:
Across
  1.NXCIUD
  7.V
  8.ORMMAUCL
 10.IXE
 11.HTQ
 12.QXCJUF
 14.T
 15.U
 16.SPWLLL
Down
  1.NOIQU
  2.XRXX
  3.CMECS
  4.IM
  5.UAHUW
  6.DUTFL
  7.VL
  9.CQ
 13.JP
 14.TL
 17.L

puzzle #191:
Across
Down

puzzle #192:
Across
  1.NFYJLCGI
  9.KCBUUGTX
 10.IRDBPIFO
 11.DSDMJEUA
 12.DNAYLOKY
Down
  1.NKIDD
  2.FCRSN
  3.YBDDA
  4.JUBMY
  5.LUPJL
  6.CGIEO
  7.GTFUK
  8.IXOAY

puzzle #193:
Across
  1.E
  2.M
  3.D
  4.D
  5.R
  6.S
  7.U
  8.S
  9.G
 10.X
 11.B
 12.V
 13.W
 14.D
 15.K
 16.N
 17.G
 18.Q
 19.V
 20.J
 21.C
 22.Y
Down
  1.E
  2.M
  3.D
  4.D
  5.R
  6.S
  7.U
  8.S
  9.G
 10.X
 11.B
 12.V
 13.W
 14.D
 15.K
 16.N
 17.G
 18.Q
 19.V
 20.J
 21.C
 22.Y

puzzle #194:
Across
  1.N
  2.RAWHBU
  8.OD
  9.DVTC
 10.U
 11.W
 12.XPJDK
 14.XRINHTPKC
 17.HADYFWDCX
Down
  1.NDWRA
  2.RDXNY
  3.AVPHF
  4.WTJTW
  5.HCDPD
  6.B
  7.UU
  8.O
 13.KKC
 14.XH
 15.ID
 16.CX

puzzle #195:
Across
Down

puzzle #196:
Across
  1.FKPVVBGRJ
 10.QEUXKGQGA
 11.QXPOXNKPA
 12.MKAPSKGPL
 13.YSNBMJXSF
Down
  1.FQQMY
  2.KEXKS
  3.PUPAN
  4.VXOPB
  5.VKXSM
  6.BGNKJ
  7.GQKGX
  8.RGPPS
  9.JAALF

puzzle #197:
Across
  1.F
  2.E
  3.V
  4.A
  5.E
  6.R
  7.W
  8.K
  9.N
 10.D
 11.X
 12.N
 13.O
 14.C
 15.K
 16.J
 17.N
 18.E
 19.Y
 20.J
 21.I
 22.B
 23.E
 24.M
 25.X
Down
  1.F
  2.E
  3.V
  4.A
  5.E
  6.R
  7.W
  8.K
  9.N
 10.D
 11.X
 12.N
 13.O
 14.C
 15.K
 16.J
 17.N
 18.E
 19.Y
 20.J
 21.I
 22.B
 23.E
 24.M
 25.X

puzzle #198:
Across
  1.CUPDPUTAC
 10.WPU
 11.SIYWCN
 13.TLMCHUMDKS
 15.HHFRBQBGF
 16.BECEJ
 17.LIEA
Down
  1.CWT
  2.UPLHE
  3.PUMHC
  4.D
  5.PSHRJ
  6.UIUB
  7.TYMQL
  8.AWDBI
  9.CCKGE
 12.NSFA
 14.CFE
 16.B

puzzle #199:
Across
Down

puzzle #200:
Across
  1.UVRMSWCLVM
 11.SIJENHEQKL
 12.LNCFJIQXFA
 13.NULHQJQJOA
 14.UFPXNEGPJM
Down
  1.USLNU
  2.VINUF
  3.RJCLP
  4.MEFHX
  5.SNJQN
  6.WHIJE
  7.CEQQG
  8.LQXJP
  9.VKFOJ
 10.MLAAM

puzzle #201:
Across
  1.C
  2.Q
  3.T
Down
  1.C
  2.Q
  3.T

puzzle #202:
Across
  1.A
  2.B
  3.G
  4.I
  5.R
Down
  1.ABGIR

puzzle #203:
Across
Down

puzzle #204:
Across
  1.H
  2.Q
  3.B
  4.M
  5.W
  6.F
Down
  1.HQBMWF

puzzle #205:
Across
  1.H
  2.O
  3.E
  4.C
  5.Y
  6.C
Down
  1.H
  2.O
  3.E
  4.C
  5.Y
  6.C

puzzle #206:
Across
  1.F
  2.CT
  3.J
  4.EQ
  6.TP
  7.N
Down
  1.FT
  2.CJETN
  5.QP

puzzle #207:
Across
Down

puzzle #208:
Across
  1.IS
  3.LG
  4.MV
  5.OK
  6.SF
  7.DQ
Down
  1.ILMOSD
  2.SGVKFQ

puzzle #209:
Across
  1.S
  2.J
  3.Y
  4.A
  5.I
  6.A
  7.Y
  8.B
  9.K
Down
  1.S
  2.J
  3.Y
  4.A
  5.I
  6.A
  7.Y
  8.B
  9.K

puzzle #210:
Across
  1.W
  2.XQ
  4.TYD
  5.OG
  6.L
  7.C
  8.IW
Down
  1.W
  2.XYG
  3.QD
  4.TOL
  7.CW
  8.I

puzzle #211:
Across
Down

puzzle #212:
Across
  1.FCU
  4.CWP
  5.RRA
  6.LPU
  7.QXK
  8.TMO
Down
  1.FCRLQT
  2.CWRPXM
  3.UPAUKO

puzzle #213:
Across
  1.D
  2.T
  3.M
  4.Q
  5.A
  6.X
  7.Y
  8.F
  9.D
 10.O
 11.H
 12.A
Down
  1.D
  2.T
  3.M
  4.Q
  5.A
  6.X
  7.Y
  8.F
  9.D
 10.O
 11.H
 12.A

puzzle #214:
Across
  1.IGOW
  5.AW
  6.R
  7.D
  8.VNOW
 11.XAIJ
 12.GDXU
Down
  1.IA
  2.GW
  3.O
  4.WRDWJU
  8.VXG
  9.NAD
 10.OIX

puzzle #215:
Across
Down

puzzle #216:
Across
  1.CTPT
  5.TMLK
  6.FVEB
  7.YRJC
  8.IHQX
  9.NFCN
Down
  1.CTFYIN
  2.TMVRHF
  3.PLEJQC
  4.TKBCXN

puzzle #217:
Across
  1.P
  2.Q
  3.C
  4.A
  5.D
  6.Q
  7.I
  8.Y
  9.K
 10.U
 11.N
 12.C
 13.W
 14.J
 15.J
Down
  1.P
  2.Q
  3.C
  4.A
  5.D
  6.Q
  7.I
  8.Y
  9.K
 10.U
 11.N
 12.C
 13.W
 14.J
 15.J

puzzle #218:
Across
  1.OTIDV
  6.NQF
  7.D
  8.B
  9.EKI
 11.B
 12.I
 13.F
 14.D
 15.OS
 17.YW
Down
  1.ONBB
  2.TQ
  3.IFE
  4.D
  5.VDI
 10.KI
 13.F
 14.DW
 15.O
 16.S
 17.Y

puzzle #219:
Across
Down

puzzle #220:
Across
  1.XMANR
  6.JDUCI
  7.VYYAQ
  8.GJCJD
  9.RKHSL
 10.YMRIH
Down
  1.XJVGRY
  2.MDYJKM
  3.AUYCHR
  4.NCAJSI
  5.RIQDLH

puzzle #221:
Across
  1.S
  2.N
  3.Q
  4.C
  5.L
  6.R
  7.A
  8.O
  9.W
 10.S
 11.O
 12.B
 13.J
 14.S
 15.W
 16.L
 17.Y
 18.O
Down
  1.S
  2.N
  3.Q
  4.C
  5.L
  6.R
  7.A
  8.O
  9.W
 10.S
 11.O
 12.B
 13.J
 14.S
 15.W
 16.L
 17.Y
 18.O

puzzle #222:
Across
  1.CEKPLI
  7.HYG
  8.HN
  9.WAJSYI
 11.BRJU
 12.B
 13.IAAG
 15.GVCNIO
Down
  1.CHWB
  2.EYAR
  3.KGJJIC
  4.P
  5.LHY
  6.INIBGO
 10.SUAN
 14.AI
 15.G
 16.V

puzzle #223:
Across
Down

puzzle #224:
Across
  1.HWRDOU
  7.LXIHHP
  8.XFJASK
  9.PLIUXT
 10.HVYXIG
 11.NRARWB
Down
  1.HLXPHN
  2.WXFLVR
  3.RIJIYA
  4.DHAUXR
  5.OHSXIW
  6.UPKTGB

puzzle #225:
Across
  1.X
  2.W
  3.O
  4.E
  5.T
  6.Q
  7.U
  8.W
  9.Q
 10.R
 11.A
 12.X
 13.V
 14.Q
 15.T
 16.N
 17.H
 18.G
 19.N
 20.J
 21.G
Down
  1.X
  2.W
  3.O
  4.E
  5.T
  6.Q
  7.U
  8.W
  9.Q
 10.R
 11.A
 12.X
 13.V
 14.Q
 15.T
 16.N
 17.H
 18.G
 19.N
 20.J
 21.G

puzzle #226:
Across
  1.JYLIL
  6.R
  7.PIR
  8.SRY
 10.PIIHUWK
 12.BSRF
 13.I
 14.YB
 15.S
 16.A
 17.P
 18.FGONK
Down
  1.JPP
  2.YIIBB
  3.LRIS
  4.I
  5.LSUF
  6.RYKI
  9.RW
 11.HRSG
 14.YP
 16.AN
 18.F
 19.O
 20.K

puzzle #227:
Across
Down

puzzle #228:
Across
  1.FVXVNQU
  8.CCUQICO
  9.HVEEMAX
 10.EBFXYAO
 11.XPQOSAR
 12.GEMTXDC
Down
  1.FCHEXG
  2.VCVBPE
  3.XUEFQM
  4.VQEXOT
  5.NIMYSX
  6.QCAAAD
  7.UOXORC

puzzle #229:
Across
  1.K
  2.Q
  3.Y
  4.S
  5.P
  6.E
  7.S
  8.V
  9.P
 10.X
 11.E
 12.C
 13.D
 14.M
 15.N
 16.Y
 17.T
 18.K
 19.M
 20.T
 21.A
 22.U
 23.H
 24.B
Down
  1.K
  2.Q
  3.Y
  4.S
  5.P
  6.E
  7.S
  8.V
  9.P
 10.X
 11.E
 12.C
 13.D
 14.M
 15.N
 16.Y
 17.T
 18.K
 19.M
 20.T
 21.A
 22.U
 23.H
 24.B

puzzle #230:
Across
  1.W
  2.BPBSIL
  8.PFYKOAVN
 10.NYJUPFO
 11.U
 12.NQEYA
 13.XR
 15.D
 16.D
 17.R
 18.BURTKFTA
Down
  1.WP
  2.BYYN
  3.PKJQDT
  4.BOUE
  5.SAPYDF
  6.IVFA
  7.LNO
  9.FN
 11.UXB
 14.RU
 17.RA
 19.R
 20.K
 21.T

puzzle #231:
Across
Down

puzzle #232:
Across
  1.XXDNSXUA
  9.KUCTLOWI
 10.FOQHISNP
 11.LHQYLHLI
 12.OGDLMQDB
 13.GSOWBEFV
Down
  1.XKFLOG
  2.XUOHGS
  3.DCQQDO
  4.NTHYLW
  5.SLILMB
  6.XOSHQE
  7.UWNLDF
  8.AIPIBV

puzzle #233:
Across
  1.S
  2.I
  3.Y
  4.H
  5.X
  6.A
  7.G
  8.A
  9.Q
 10.B
 11.Y
 12.D
 13.I
 14.U
 15.Q
 16.C
 17.B
 18.A
 19.D
 20.S
 21.D
 22.U
 23.X
 24.T
 25.H
 26.C
 27.S
Down
  1.S
  2.I
  3.Y
  4.H
  5.X
  6.A
  7.G
  8.A
  9.Q
 10.B
 11.Y
 12.D
 13.I
 14.U
 15.Q
 16.C
 17.B
 18.A
 19.D
 20.S
 21.D
 22.U
 23.X
 24.T
 25.H
 26.C
 27.S

puzzle #234:
Across
  1.MATYFXAL
  9.BXVV
 10.T
 11.Y
 12.T
 13.NJTDR
 16.P
 17.TPY
 19.H
 20.NLX
 22.L
 23.I
 24.CWEFS
 26.SDGSVMYCJ
Down
  1.MX
  2.AVNYIG
  3.TVJ
  4.Y
  5.F
  6.XTRNEY
  7.A
  8.LYPXSJ
  9.BTTLS
 14.THCV
 15.D
 18.P
 21.LFC
 25.WM
 27.D
 28.S

puzzle #235:
Across
Down

puzzle #236:
Across
  1.LWFFYRVIQ
 10.RBWXTGGOL
 11.RFUSXXYCQ
 12.BCBUDNJMP
 13.PTIQAEVRQ
 14.SGEHANLSB
Down
  1.LRRBPS
  2.WBFCTG
  3.FWUBIE
  4.FXSUQH
  5.YTXDAA
  6.RGXNEN
  7.VGYJVL
  8.IOCMRS
  9.QLQPQB

puzzle #237:
Across
  1.S
  2.W
  3.T
  4.A
  5.B
  6.S
  7.R
  8.C
  9.S
 10.O
 11.A
 12.H
 13.D
 14.P
 15.Y
 16.Q
 17.T
 18.U
 19.B
 20.I
 21.T
 22.L
 23.X
 24.S
 25.K
 26.Y
 27.A
 28.K
 29.R
 30.E
Down
  1.S
  2.W
  3.T
  4.A
  5.B
  6.S
  7.R
  8.C
  9.S
 10.O
 11.A
 12.H
 13.D
 14.P
 15.Y
 16.Q
 17.T
 18.U
 19.B
 20.I
 21.T
 22.L
 23.X
 24.S
 25.K
 26.Y
 27.A
 28.K
 29.R
 30.E

puzzle #238:
Across
  1.MHRHWAFXT
 10.BAEPIXC
 11.FI
 13.T
 14.BS
 15.WDGLC
 17.DUXY
 19.JSYB
 20.CFFR
 21.P
 22.UMW
 23.JNAOCGWN
 26.G
Down
  1.MBT
  2.HA
  3.REBUFA
  4.HPSXRO
  5.WI
  6.AXW
  7.FCDJ
  8.X
  9.TFLYM
 12.ICBWG
 16.GSUN
 17.DFN
 18.Y
 20.CJ
 21.PG
 24.C
 25.W

puzzle #239:
Across
Down

puzzle #240:
Across
  1.PQMSHOUXOM
 11.LXOYUMVBOU
 12.EUCRYGIUUF
 13.HPRVVQYSPM
 14.WWKRXIBJXE
 15.EAMPHIUQKS
Down
  1.PLEHWE
  2.QXUPWA
  3.MOCRKM
  4.SYRVRP
  5.HUYVXH
  6.OMGQII
  7.UVIYBU
  8.XBUSJQ
  9.OOUPXK
 10.MUFMES

puzzle #241:
Across
  1.C
  2.D
  3.W
Down
  1.C
  2.D
  3.W

puzzle #242:
Across
  1.U
  2.Y
  3.P
  4.Q
  5.L
  6.G
  7.V
Down
  1.UYPQLGV

puzzle #243:
Across
Down

puzzle #244:
Across
  1.F
  2.B
  3.J
  4.M
  5.Q
  6.M
  7.X
Down
  1.FBJMQMX

puzzle #245:
Across
  1.O
  2.L
  3.E
  4.P
  5.L
  6.K
  7.O
Down
  1.O
  2.L
  3.E
  4.P
  5.L
  6.K
  7.O

puzzle #246:
Across
  1.X
  2.W
  3.W
  4.L
  5.Y
  6.Y
  7.LC
Down
  1.X
  2.W
  3.W
  4.LYYC
  7.L

puzzle #247:
Across
Down

puzzle #248:
Across
  1.FW
  3.DG
  4.EG
  5.WD
  6.DP
  7.MC
  8.SF
Down
  1.FDEWDMS
  2.WGGDPCF

puzzle #249:
Across
  1.U
  2.H
  3.I
  4.E
  5.R
  6.W
  7.K
  8.D
  9.Y
 10.O
Down
  1.U
  2.H
  3.I
  4.E
  5.R
  6.W
  7.K
  8.D
  9.Y
 10.O

puzzle #250:
Across
  1.TWJ
  4.TP
  5.CCK
  6.B
  7.M
  8.WA
  9.HS
 10.NV
Down
  1.T
  2.WTC
  3.JPKMAS
  5.CB
  8.WHV
 10.N

puzzle #251:
Across
Down

puzzle #252:
Across
  1.OYM
  4.KGQ
  5.OJH
  6.JNM
  7.JRR
  8.JLL
  9.AKS
Down
  1.OKOJJJA
  2.YGJNRLK
  3.MQHMRLS

puzzle #253:
Across
  1.C
  2.I
  3.A
  4.S
  5.N
  6.S
  7.G
  8.P
  9.A
 10.B
 11.S
 12.S
 13.K
 14.T
Down
  1.C
  2.I
  3.A
  4.S
  5.N
  6.S
  7.G
  8.P
  9.A
 10.B
 11.S
 12.S
 13.K
 14.T

puzzle #254:
Across
  1.NRPH
  5.W
  6.AA
  7.NPJL
  9.YYGN
 10.NQME
 11.XCP
 12.U
 13.B
Down
  1.NWNYN
  2.R
  3.PAJGMC
  4.HALNEPB
  8.PYQXU

puzzle #255:
Across
Down

puzzle #256:
Across
  1.DFKW
  5.LOID
  6.HKKH
  7.XOCY
  8.LHSA
  9.NRXM
 10.HEDK
Down
  1.DLHXLNH
  2.FOKOHRE
  3.KIKCSXD
  4.WDHYAMK

puzzle #257:
Across
  1.J
  2.M
  3.V
  4.G
  5.C
  6.A
  7.V
  8.U
  9.S
 10.X
 11.T
 12.K
 13.S
 14.Q
 15.P
 16.Y
 17.C
Down
  1.J
  2.M
  3.V
  4.G
  5.C
  6.A
  7.V
  8.U
  9.S
 10.X
 11.T
 12.K
 13.S
 14.Q
 15.P
 16.Y
 17.C

puzzle #258:
Across
  1.Q
  2.RQS
  5.IVFG
  6.BV
  7.XS
  8.OFN
 10.P
 11.C
 12.YNT
 14.I
 15.W
 16.HFR
Down
  1.Q
  2.RV
  3.QFX
  4.SGSPTWR
  5.IVF
  6.BOC
  9.NYIH
 13.N
 17.F

puzzle #259:
Across
Down

puzzle #260:
Across
  1.MWGJH
  6.CNWQV
  7.KPJMX
  8.PXJNA
  9.SONVR
 10.LGOKA
 11.IXUXX
Down
  1.MCKPSLI
  2.WNPXOGX
  3.GWJJNOU
  4.JQMNVKX
  5.HVXARAX

puzzle #261:
Across
  1.S
  2.R
  3.Y
  4.L
  5.O
  6.J
  7.X
  8.V
  9.W
 10.H
 11.B
 12.V
 13.E
 14.N
 15.W
 16.G
 17.I
 18.F
 19.P
 20.A
 21.V
Down
  1.S
  2.R
  3.Y
  4.L
  5.O
  6.J
  7.X
  8.V
  9.W
 10.H
 11.B
 12.V
 13.E
 14.N
 15.W
 16.G
 17.I
 18.F
 19.P
 20.A
 21.V

puzzle #262:
Across
  1.DOBTV
  6.RC
  7.PI
  9.TNJVF
 12.Y
 13.LVBE
 15.QNBDCV
 17.JKG
 18.QF
 19.NQQ
 20.LR
Down
  1.DRTYQJN
  2.OCN
  3.B
  4.T
  5.VPFBCQL
  8.I
 10.JLBGQ
 11.VVD
 14.EVFR
 16.NKQ

puzzle #263:
Across
Down

puzzle #264:
Across
  1.JJGABR
  7.IOHSNJ
  8.ASADGI
  9.OTHCVR
 10.NGAOUV
 11.QEOVEH
 12.TSPAOH
Down
  1.JIAONQT
  2.JOSTGES
  3.GHAHAOP
  4.ASDCOVA
  5.BNGVUEO
  6.RJIRVHH

puzzle #265:
Across
  1.I
  2.X
  3.B
  4.O
  5.Y
  6.T
  7.H
  8.E
  9.B
 10.C
 11.L
 12.N
 13.L
 14.U
 15.S
 16.E
 17.M
 18.C
 19.V
 20.V
 21.D
 22.H
 23.R
 24.H
Down
  1.I
  2.X
  3.B
  4.O
  5.Y
  6.T
  7.H
  8.E
  9.B
 10.C
 11.L
 12.N
 13.L
 14.U
 15.S
 16.E
 17.M
 18.C
 19.V
 20.V
 21.D
 22.H
 23.R
 24.H

puzzle #266:
Across
  1.TO
  3.F
  4.W
  5.NDNMDEL
  9.E
 10.QNOH
 11.UQGDUA
 13.AJGW
 14.O
 15.YHJLXIQ
 18.KTTHYCN
Down
  1.TNE
  2.OD
  3.FDOD
  4.WL
  6.NQQGJT
  7.MNGWLH
  8.EHUOIC
 11.UJHT
 12.A
 13.AYK
 16.XY
 17.QN

puzzle #267:
Across
Down

puzzle #268:
Across
  1.UCLNPJN
  8.KOHPLJF
  9.JVGLMWA
 10.KQSKGXM
 11.XQEYUTE
 12.KJOVTEY
 13.ONOFXUR
Down
  1.UKJKXKO
  2.COVQQJN
  3.LHGSEOO
  4.NPLKYVF
  5.PLMGUTX
  6.JJWXTEU
  7.NFAMEYR

puzzle #269:
Across
  1.Y
  2.B
  3.S
  4.E
  5.E
  6.B
  7.H
  8.G
  9.U
 10.T
 11.I
 12.S
 13.X
 14.K
 15.F
 16.U
 17.I
 18.F
 19.R
 20.E
 21.E
 22.T
 23.N
 24.J
 25.F
 26.X
 27.U
 28.J
Down
  1.Y
  2.B
  3.S
  4.E
  5.E
  6.B
  7.H
  8.G
  9.U
 10.T
 11.I
 12.S
 13.X
 14.K
 15.F
 16.U
 17.I
 18.F
 19.R
 20.E
 21.E
 22.T
 23.N
 24.J
 25.F
 26.X
 27.U
 28.J

puzzle #270:
Across
  1.BRAK
  5.MTW
  8.H
  9.Q
 10.LP
 11.YGXA
 14.SAV
 16.PW
 17.G
 18.E
 19.TXHWBN
 22.L
 23.AWDUV
 24.XJQBH
 27.IY
Down
  1.B
  2.RH
  3.A
  4.K
  5.M
  6.TL
  7.WP
  9.QXPHWH
 11.YVT
 12.G
 13.AWWD
 14.SELX
 15.A
 17.GNVY
 20.XAB
 21.BUI
 25.J
 26.Q

puzzle #271:
Across
Down

puzzle #272:
Across
  1.PSKFTIYK
  9.VBCGWXPR
 10.ITIQSCTW
 11.AYRRWQBY
 12.HBHFWITJ
 13.PVOAYVST
 14.IEKWSJXX
Down
  1.PVIAHPI
  2.SBTYBVE
  3.KCIRHOK
  4.FGQRFAW
  5.TWSWWYS
  6.IXCQIVJ
  7.YPTBTSX
  8.KRWYJTX

puzzle #273:
Across
  1.M
  2.R
  3.W
  4.U
  5.P
  6.C
  7.H
  8.U
  9.M
 10.O
 11.K
 12.X
 13.U
 14.E
 15.X
 16.C
 17.F
 18.Y
 19.L
 20.F
 21.S
 22.M
 23.M
 24.Y
 25.N
 26.C
 27.S
 28.P
 29.E
 30.W
 31.L
Down
  1.M
  2.R
  3.W
  4.U
  5.P
  6.C
  7.H
  8.U
  9.M
 10.O
 11.K
 12.X
 13.U
 14.E
 15.X
 16.C
 17.F
 18.Y
 19.L
 20.F
 21.S
 22.M
 23.M
 24.Y
 25.N
 26.C
 27.S
 28.P
 29.E
 30.W
 31.L

puzzle #274:
Across
  1.DLJSRNHXX
 10.XYYOQWQ
 11.V
 12.HF
 13.O
 14.LG
 15.XWD
 16.WSFJ
 19.QDERL
 21.YH
 22.PFVJJNVNJ
 25.MB
 26.FXDJ
 27.A
Down
  1.DX
  2.LYHWDFB
  3.JYFDEV
  4.SO
  5.RQOWLJX
  6.NW
  7.HQ
  8.X
  9.XVG
 14.LJHN
 15.XQPM
 17.S
 18.FYVJ
 20.RJF
 23.ND
 24.JA

puzzle #275:
Across
Down

puzzle #276:
Across
  1.JNJPTYNEA
 10.TBJMYLJEO
 11.CWBHIHKHI
 12.GEYQYVJGH
 13.VFQDYUAKQ
 14.APFPEYPFY
 15.SGECJMRCJ
Down
  1.JTCGVAS
  2.NBWEFPG
  3.JJBYQFE
  4.PMHQDPC
  5.TYIYYEJ
  6.YLHVUYM
  7.NJKJAPR
  8.EEHGKFC
  9.AOIHQYJ

puzzle #277:
Across
  1.T
  2.U
  3.G
  4.K
  5.H
  6.X
  7.C
  8.B
  9.S
 10.R
 11.J
 12.Q
 13.X
 14.M
 15.D
 16.A
 17.I
 18.D
 19.R
 20.Q
 21.M
 22.S
 23.U
 24.U
 25.X
 26.N
 27.G
 28.Q
 29.R
 30.M
 31.F
 32.U
 33.B
 34.S
 35.A
Down
  1.T
  2.U
  3.G
  4.K
  5.H
  6.X
  7.C
  8.B
  9.S
 10.R
 11.J
 12.Q
 13.X
 14.M
 15.D
 16.A
 17.I
 18.D
 19.R
 20.Q
 21.M
 22.S
 23.U
 24.U
 25.X
 26.N
 27.G
 28.Q
 29.R
 30.M
 31.F
 32.U
 33.B
 34.S
 35.A

puzzle #278:
Across
  1.HK
  3.S
  4.DLAE
  8.RC
  9.RYKIAP
 11.CFAVHSA
 14.F
 15.AXFO
 16.PAC
 18.LCALG
 21.OG
 23.R
 24.FCVPNFB
 27.QKJKMWD
 30.P
Down
  1.HCFXL
  2.K
  3.SRH
  4.DKAP
  5.LI
  6.AAFCOFP
  7.EP
  8.RCA
 10.YS
 12.AFC
 13.VOAFK
 17.A
 19.LCM
 20.GVW
 22.GB
 23.RQ
 25.PD
 26.N
 28.K
 29.J

puzzle #279:
Across
Down

puzzle #280:
Across
  1.UCKEPDUVOU
 11.JHSYSIDDUW
 12.WMEVEBQECK
 13.QBXFSVPMSW
 14.WDRUMNAYFJ
 15.KWAGEXVBQM
 16.DKYWEQBHPS
Down
  1.UJWQWKD
  2.CHMBDWK
  3.KSEXRAY
  4.EYVFUGW
  5.PSESMEE
  6.DIBVNXQ
  7.UDQPAVB
  8.VDEMYBH
  9.OUCSFQP
 10.UWKWJMS

puzzle #281:
Across
  1.F
  2.R
  3.C
  4.I
Down
  1.F
  2.R
  3.C
  4.I

puzzle #282:
Across
  1.F
  2.F
  3.N
  4.R
  5.F
  6.T
  7.X
  8.H
Down
  1.FFNRFTXH

puzzle #283:
Across
Down

puzzle #284:
Across
  1.C
  2.R
  3.H
  4.X
  5.E
  6.J
  7.K
  8.A
Down
  1.CRHXEJKA

puzzle #285:
Across
  1.B
  2.O
  3.O
  4.X
  5.M
  6.M
  7.V
  8.J
Down
  1.B
  2.O
  3.O
  4.X
  5.M
  6.M
  7.V
  8.J

puzzle #286:
Across
  1.RC
  3.N
  4.NS
  5.PC
  6.QS
  7.L
  8.LR
  9.TH
Down
  1.R
  2.CNSCSLRH
  4.NPQ
  8.LT

puzzle #287:
Across
Down

puzzle #288:
Across
  1.QE
  3.YQ
  4.EW
  5.QG
  6.PI
  7.DP
  8.FK
  9.XR
Down
  1.QYEQPDFX
  2.EQWGIPKR

puzzle #289:
Across
  1.E
  2.F
  3.F
  4.I
  5.C
  6.U
  7.S
  8.C
  9.Y
 10.D
 11.G
 12.V
Down
  1.E
  2.F
  3.F
  4.I
  5.C
  6.U
  7.S
  8.C
  9.Y
 10.D
 11.G
 12.V

puzzle #290:
Across
  1.WI
  3.DLJ
  6.H
  7.O
  8.M
  9.YOR
 11.XP
 12.HRU
Down
  1.W
  2.I
  3.DH
  4.L
  5.JO
  8.MOXR
  9.Y
 10.RPU
 12.H

puzzle #291:
Across
Down

puzzle #292:
Across
  1.WAK
  4.FJE
  5.ILV
  6.POA
  7.WIK
  8.JLC
  9.RMJ
 10.VIS
Down
  1.WFIPWJRV
  2.AJLOILMI
  3.KEVAKCJS

puzzle #293:
Across
  1.K
  2.A
  3.R
  4.J
  5.Y
  6.O
  7.C
  8.D
  9.W
 10.V
 11.W
 12.B
 13.C
 14.N
 15.H
 16.C
Down
  1.K
  2.A
  3.R
  4.J
  5.Y
  6.O
  7.C
  8.D
  9.W
 10.V
 11.W
 12.B
 13.C
 14.N
 15.H
 16.C

puzzle #294:
Across
  1.CAJU
  5.JN
  6.FUUR
  9.JEM
 10.LOHO
 12.KFGU
 13.FKF
 14.KQE
Down
  1.CJFJLKF
  2.ANUEOFKK
  3.J
  4.U
  7.UMHGFQ
  8.R
 11.OU
 15.E

puzzle #295:
Across
Down

puzzle #296:
Across
  1.AFYG
  5.RMWI
  6.YEJU
  7.IUFM
  8.YKPG
  9.BFQV
 10.DPLT
 11.AEWG
Down
  1.ARYIYBDA
  2.FMEUKFPE
  3.YWJFPQLW
  4.GIUMGVTG

puzzle #297:
Across
  1.G
  2.P
  3.Y
  4.E
  5.T
  6.P
  7.K
  8.Y
  9.Y
 10.A
 11.C
 12.R
 13.T
 14.J
 15.W
 16.U
 17.F
 18.D
 19.Y
 20.R
Down
  1.G
  2.P
  3.Y
  4.E
  5.T
  6.P
  7.K
  8.Y
  9.Y
 10.A
 11.C
 12.R
 13.T
 14.J
 15.W
 16.U
 17.F
 18.D
 19.Y
 20.R

puzzle #298:
Across
  1.R
  2.MC
  4.HSHG
  6.YUDN
  7.PAGS
  8.HOW
 10.NRBMB
 12.XIBCL
 13.FER
 14.F
Down
  1.R
  2.MSDGHBBR
  3.CHNSOMC
  4.HUA
  5.G
  6.YP
  9.WBLF
 10.NXF
 11.RIE

puzzle #299:
Across
Down

puzzle #300:
Across
  1.SNJUY
  6.BHRHM
  7.GIVTI
  8.OJSXA
  9.RSDKY
 10.FFIXW
 11.BBJNT
 12.CUREB
Down
  1.SBGORFBC
  2.NHIJSFBU
  3.JRVSDIJR
  4.UHTXKXNE
  5.YMIAYWTB

puzzle #301:
Across
  1.M
  2.I
  3.N
  4.B
  5.M
  6.Q
  7.O
  8.N
  9.T
 10.Q
 11.I
 12.T
 13.I
 14.T
 15.S
 16.D
 17.V
 18.L
 19.A
 20.C
 21.R
 22.W
 23.B
 24.Q
Down
  1.M
  2.I
  3.N
  4.B
  5.M
  6.Q
  7.O
  8.N
  9.T
 10.Q
 11.I
 12.T
 13.I
 14.T
 15.S
 16.D
 17.V
 18.L
 19.A
 20.C
 21.R
 22.W
 23.B
 24.Q

puzzle #302:
Across
  1.MI
  3.NXY
  6.U
  7.M
  8.KE
  9.DNXMY
 11.ETCI
 12.EFI
 14.M
 15.GHYNX
 18.XUBVHK
 19.I
 20.AUV
Down
  1.MU
  2.I
  3.N
  4.XKMC
  5.YEYIMXK
  7.MNEIHBA
  9.D
 10.XT
 12.E
 13.FGU
 16.YVU
 17.NHV
 18.XI

puzzle #303:
Across
Down

puzzle #304:
Across
  1.MYHOSF
  7.HAJUVB
  8.URGLBD
  9.MXAIKY
 10.KJXXPK
 11.GDDPFF
 12.MCEUMD
 13.XLACEN
Down
  1.MHUMKGMX
  2.YARXJDCL
  3.HJGAXDEA
  4.OULIXPUC
  5.SVBKPFME
  6.FBDYKFDN

puzzle #305:
Across
  1.F
  2.O
  3.C
  4.N
  5.H
  6.V
  7.J
  8.N
  9.Y
 10.N
 11.V
 12.J
 13.Y
 14.C
 15.K
 16.N
 17.T
 18.C
 19.J
 20.K
 21.O
 22.X
 23.P
 24.J
 25.T
 26.L
 27.F
 28.C
Down
  1.F
  2.O
  3.C
  4.N
  5.H
  6.V
  7.J
  8.N
  9.Y
 10.N
 11.V
 12.J
 13.Y
 14.C
 15.K
 16.N
 17.T
 18.C
 19.J
 20.K
 21.O
 22.X
 23.P
 24.J
 25.T
 26.L
 27.F
 28.C

puzzle #306:
Across
  1.M
  2.JYWG
  6.MJ
  8.IJTS
 10.AS
 12.JKC
 13.GOXS
 15.GP
 16.WBP
 17.N
 18.LAXL
 20.X
 21.XF
 22.KOPF
 25.PRUG
Down
  1.MM
  2.J
  3.YI
  4.WJJ
  5.GTKG
  7.JAOBAFP
  9.SCPN
 11.SXPX
 13.GWLX
 14.S
 19.LKU
 20.XP
 23.OG
 24.F
 26.R

puzzle #307:
Across
Down

puzzle #308:
Across
  1.EVKLENB
  8.YPETEGC
  9.WBDUMEY
 10.TTBADLG
 11.JHIBDSW
 12.WDAVRYR
 13.JXGDFHO
 14.CQXNANN
Down
  1.EYWTJWJC
  2.VPBTHDXQ
  3.KEDBIAGX
  4.LTUABVDN
  5.EEMDDRFA
  6.NGELSYHN
  7.BCYGWRON

puzzle #309:
Across
  1.P
  2.M
  3.B
  4.C
  5.N
  6.T
  7.H
  8.G
  9.W
 10.H
 11.R
 12.H
 13.F
 14.Y
 15.O
 16.M
 17.M
 18.R
 19.V
 20.H
 21.A
 22.B
 23.M
 24.X
 25.B
 26.N
 27.Q
 28.F
 29.W
 30.L
 31.Y
 32.A
Down
  1.P
  2.M
  3.B
  4.C
  5.N
  6.T
  7.H
  8.G
  9.W
 10.H
 11.R
 12.H
 13.F
 14.Y
 15.O
 16.M
 17.M
 18.R
 19.V
 20.H
 21.A
 22.B
 23.M
 24.X
 25.B
 26.N
 27.Q
 28.F
 29.W
 30.L
 31.Y
 32.A

puzzle #310:
Across
  1.MVJGBJ
  7.J
  8.DO
  9.RAHVJ
 11.E
 12.P
 13.WU
 14.UUOOVQI
 19.SLBNIW
 21.VIU
 23.Q
 24.DY
 25.CGQ
 26.DNU
 27.GV
 28.RJBRC
Down
  1.MDEU
  2.VO
  3.J
  4.GR
  5.BA
  6.JH
  7.JJU
 10.VWIIDNR
 12.POSUQ
 15.U
 16.OL
 17.VBQ
 18.QN
 20.WYUC
 21.VCG
 22.IGV
 26.DB
 28.R
 29.J

puzzle #311:
Across
Down

puzzle #312:
Across
  1.YGGFHDMQ
  9.DLAHGORF
 10.PPYSDJPQ
 11.COJEAGDL
 12.MDXVQCGT
 13.DMBBSQMJ
 14.IYBPKEQN
 15.AIBKIUND
Down
  1.YDPCMDIA
  2.GLPODMYI
  3.GAYJXBBB
  4.FHSEVBPK
  5.HGDAQSKI
  6.DOJGCQEU
  7.MRPDGMQN
  8.QFQLTJND

puzzle #313:
Across
  1.B
  2.F
  3.Y
  4.F
  5.O
  6.C
  7.B
  8.Q
  9.W
 10.N
 11.R
 12.U
 13.O
 14.F
 15.Q
 16.R
 17.C
 18.I
 19.S
 20.J
 21.O
 22.M
 23.S
 24.E
 25.E
 26.W
 27.U
 28.F
 29.L
 30.S
 31.L
 32.I
 33.W
 34.L
 35.Y
 36.R
Down
  1.B
  2.F
  3.Y
  4.F
  5.O
  6.C
  7.B
  8.Q
  9.W
 10.N
 11.R
 12.U
 13.O
 14.F
 15.Q
 16.R
 17.C
 18.I
 19.S
 20.J
 21.O
 22.M
 23.S
 24.E
 25.E
 26.W
 27.U
 28.F
 29.L
 30.S
 31.L
 32.I
 33.W
 34.L
 35.Y
 36.R

puzzle #314:
Across
  1.OI
  3.IWPQE
  8.Y
  9.JR
 11.JESL
 12.YDDOFNCXC
 15.XCQBFLYW
 16.MPJEJYG
 17.MRMK
 18.GQ
 19.P
 20.J
 21.FMFDQ
 23.D
 24.XGXSLPYN
Down
  1.OYYXMMJX
  2.I
  3.I
  4.WJNLYGDP
  5.PECYGQQY
  6.QSXW
  7.ELC
  9.JDQJMFX
 10.ROBEKMS
 13.DCPR
 14.FFJ
 19.PD
 22.FL
 25.G
 26.N

puzzle #315:
Across
Down

puzzle #316:
Across
  1.XIIFYPRIH
 10.BBQOSHSRA
 11.GNNEGCDUR
 12.DQNXUNRDF
 13.BWHRHAWJO
 14.VTVVKNINA
 15.LYHVCQKWY
 16.SJEINVEHO
Down
  1.XBGDBVLS
  2.IBNQWTYJ
  3.IQNNHVHE
  4.FOEXRVVI
  5.YSGUHKCN
  6.PHCNANQV
  7.RSDRWIKE
  8.IRUDJNWH
  9.HARFOAYO

puzzle #317:
Across
  1.H
  2.E
  3.D
  4.S
  5.R
  6.N
  7.U
  8.W
  9.M
 10.S
 11.P
 12.U
 13.X
 14.C
 15.N
 16.C
 17.U
 18.U
 19.O
 20.Q
 21.A
 22.Y
 23.Y
 24.R
 25.G
 26.I
 27.Q
 28.Y
 29.P
 30.H
 31.J
 32.R
 33.J
 34.W
 35.V
 36.D
 37.B
 38.E
 39.K
 40.M
Down
  1.H
  2.E
  3.D
  4.S
  5.R
  6.N
  7.U
  8.W
  9.M
 10.S
 11.P
 12.U
 13.X
 14.C
 15.N
 16.C
 17.U
 18.U
 19.O
 20.Q
 21.A
 22.Y
 23.Y
 24.R
 25.G
 26.I
 27.Q
 28.Y
 29.P
 30.H
 31.J
 32.R
 33.J
 34.W
 35.V
 36.D
 37.B
 38.E
 39.K
 40.M

puzzle #318:
Across
  1.VGK
  4.AHWD
  8.F
  9.U
 10.QBFKPGX
 13.OW
 15.GPQ
 16.YCL
 18.FKACPSOHOC
 21.U
 22.UBGBEWML
 23.JGD
 25.BSPIR
 26.B
 27.NNQW
 28.PX
 30.PBXSD
 33.JHBO
Down
  1.VUOFUJBP
  2.G
  3.KQ
  4.AFPPGBND
  5.HKQSBSQ
  6.WP
  7.DGYHWI
  8.F
 11.BGCB
 12.XCOMRPB
 14.WK
 17.LCL
 19.AUD
 20.OEPWJ
 24.G
 27.NS
 29.XO
 31.B
 32.X
 34.H

puzzle #319:
Across
Down

puzzle #320:
Across
  1.PATTFPEBDD
 11.NCMCEKOWBQ
 12.TWOUPMKPCB
 13.JOXOYTFKLQ
 14.RUFTGJXGOA
 15.IJKIFJIWSE
 16.TGRSDUXYEK
 17.FSYYPMLHYA
Down
  1.PNTJRITF
  2.ACWOUJGS
  3.TMOXFKRY
  4.TCUOTISY
  5.FEPYGFDP
  6.PKMTJJUM
  7.EOKFXIXL
  8.BWPKGWYH
  9.DBCLOSEY
 10.DQBQAEKA

puzzle #321:
Across
  1.I
  2.H
  3.K
  4.D
Down
  1.I
  2.H
  3.K
  4.D

puzzle #322:
Across
  1.M
  2.M
  3.P
  4.J
  5.A
  6.H
  7.R
  8.J
  9.R
Down
  1.MMPJAHRJR

puzzle #323:
Across
Down

puzzle #324:
Across
  1.U
  2.D
  3.P
  4.A
  5.R
  6.P
  7.Y
  8.P
  9.H
Down
  1.UDPARPYPH

puzzle #325:
Across
  1.A
  2.Q
  3.I
  4.N
  5.H
  6.V
  7.Q
  8.C
  9.O
Down
  1.A
  2.Q
  3.I
  4.N
  5.H
  6.V
  7.Q
  8.C
  9.O

puzzle #326:
Across
  1.WM
  3.NS
  4.NI
  5.D
  6.SL
  8.U
  9.C
 10.B
 11.IG
Down
  1.WNNDSUC
  2.MSI
  7.L
 10.BG
 11.I

puzzle #327:
Across
Down

puzzle #328:
Across
  1.RF
  3.BH
  4.OK
  5.AM
  6.OH
  7.HS
  8.UF
  9.GM
 10.KB
Down
  1.RBOAOHUGK
  2.FHKMHSFMB

puzzle #329:
Across
  1.T
  2.K
  3.Y
  4.C
  5.I
  6.P
  7.K
  8.M
  9.V
 10.K
 11.I
 12.C
 13.K
Down
  1.T
  2.K
  3.Y
  4.C
  5.I
  6.P
  7.K
  8.M
  9.V
 10.K
 11.I
 12.C
 13.K

puzzle #330:
Across
  1.F
  2.I
  3.K
  4.WB
  6.QSG
  7.T
  8.FPG
 11.RU
 12.W
 13.NFW
Down
  1.F
  2.I
  3.KWS
  5.BG
  6.QTF
  9.PR
 10.GU
 12.WN
 14.F
 15.W

puzzle #331:
Across
Down

puzzle #332:
Across
  1.BKL
  4.FFM
  5.FHI
  6.GAR
  7.PNA
  8.FPU
  9.IAV
 10.XVG
 11.CXV
Down
  1.BFFGPFIXC
  2.KFHANPAVX
  3.LMIRAUVGV

puzzle #333:
Across
  1.X
  2.J
  3.R
  4.B
  5.L
  6.C
  7.F
  8.K
  9.I
 10.E
 11.L
 12.R
 13.V
 14.H
 15.X
 16.R
 17.Y
 18.J
Down
  1.X
  2.J
  3.R
  4.B
  5.L
  6.C
  7.F
  8.K
  9.I
 10.E
 11.L
 12.R
 13.V
 14.H
 15.X
 16.R
 17.Y
 18.J

puzzle #334:
Across
  1.K
  2.BYEU
  5.H
  6.Q
  7.NA
  9.R
 10.XW
 12.BXT
 14.LAV
 15.Q
 16.B
 17.I
 18.W
Down
  1.KUQ
  2.B
  3.YHN
  4.E
  8.AXTVBW
  9.RBLQI
 11.W
 13.XA

puzzle #335:
Across
Down

puzzle #336:
Across
  1.VAOI
  5.DLAT
  6.EJRN
  7.IVGX
  8.WUAP
  9.TTJQ
 10.DUEU
 11.UKGN
 12.MLCL
Down
  1.VDEIWTDUM
  2.ALJVUTUKL
  3.OARGAJEGC
  4.ITNXPQUNL

puzzle #337:
Across
  1.B
  2.F
  3.Q
  4.E
  5.Y
  6.N
  7.A
  8.O
  9.M
 10.N
 11.L
 12.K
 13.F
 14.P
 15.H
 16.D
 17.W
 18.W
 19.K
 20.B
 21.U
 22.K
Down
  1.B
  2.F
  3.Q
  4.E
  5.Y
  6.N
  7.A
  8.O
  9.M
 10.N
 11.L
 12.K
 13.F
 14.P
 15.H
 16.D
 17.W
 18.W
 19.K
 20.B
 21.U
 22.K

puzzle #338:
Across
  1.E
  2.HO
  4.PMTHU
  6.FGUK
  7.KIDHH
  8.QWB
  9.LW
 11.MU
 12.BGMYT
 14.EK
 15.M
 16.OGKNM
Down
  1.EMFI
  2.HHUHWMY
  3.OUKHBUTMM
  4.P
  5.TGDQ
  7.K
  9.LB
 10.WGEG
 13.MKK
 16.O
 17.N

puzzle #339:
Across
Down

puzzle #340:
Across
  1.NAMDC
  6.FVVBV
  7.ODKNE
  8.RPDUE
  9.SBALQ
 10.SXUAO
 11.EGJLV
 12.LSUQI
 13.PAXTK
Down
  1.NFORSSELP
  2.AVDPBXGSA
  3.MVKDAUJUX
  4.DBNULALQT
  5.CVEEQOVIK

puzzle #341:
Across
  1.K
  2.S
  3.A
  4.C
  5.T
  6.I
  7.A
  8.S
  9.E
 10.U
 11.K
 12.H
 13.Y
 14.X
 15.T
 16.U
 17.P
 18.V
 19.U
 20.A
 21.M
 22.F
 23.O
 24.H
 25.J
 26.Y
 27.R
Down
  1.K
  2.S
  3.A
  4.C
  5.T
  6.I
  7.A
  8.S
  9.E
 10.U
 11.K
 12.H
 13.Y
 14.X
 15.T
 16.U
 17.P
 18.V
 19.U
 20.A
 21.M
 22.F
 23.O
 24.H
 25.J
 26.Y
 27.R

puzzle #342:
Across
  1.O
  2.K
  3.K
  4.SLX
  6.HP
  8.SYY
  9.JQ
 10.S
 11.GTIJ
 13.AF
 14.X
 15.RXFIY
 18.YCLMA
 19.OYMIOW
 20.L
 21.JL
Down
  1.OSSS
  2.KXYGFXCM
  3.KHJIXIMOL
  5.LY
  7.PQJ
 12.T
 13.ARYY
 16.FLIJ
 17.YAW
 19.OL

puzzle #343:
Across
Down

puzzle #344:
Across
  1.BWMTPQ
  7.YMWVOF
  8.YHGTIT
  9.UWJAVR
 10.GDUADP
 11.MMSPJX
 12.SXGFEV
 13.RTSMQC
 14.VKLBPP
Down
  1.BYYUGMSRV
  2.WMHWDMXTK
  3.MWGJUSGSL
  4.TVTAAPFMB
  5.POIVDJEQP
  6.QFTRPXVCP

puzzle #345:
Across
  1.E
  2.K
  3.V
  4.J
  5.D
  6.Q
  7.Y
  8.W
  9.T
 10.E
 11.P
 12.S
 13.U
 14.A
 15.N
 16.Q
 17.J
 18.G
 19.H
 20.E
 21.P
 22.V
 23.M
 24.L
 25.G
 26.V
 27.L
 28.X
 29.G
 30.U
 31.I
Down
  1.E
  2.K
  3.V
  4.J
  5.D
  6.Q
  7.Y
  8.W
  9.T
 10.E
 11.P
 12.S
 13.U
 14.A
 15.N
 16.Q
 17.J
 18.G
 19.H
 20.E
 21.P
 22.V
 23.M
 24.L
 25.G
 26.V
 27.L
 28.X
 29.G
 30.U
 31.I

puzzle #346:
Across
  1.DOH
  4.MP
  6.AAAI
  7.G
  8.EBOC
  9.QW
 11.FBF
 12.UU
 13.MTFHWMY
 16.X
 17.CKLP
 18.XTNCN
 20.M
 21.FHJUCGS
 23.MKHEBN
Down
  1.DABBT
  2.OAOFFCNJH
  3.HIC
  4.MGQUMP
  5.P
  6.AEFMXXFM
 10.W
 12.UWLNCB
 14.HKCUE
 15.Y
 19.THK
 20.MS
 22.GN

puzzle #347:
Across
Down

puzzle #348:
Across
  1.OASNLJF
  8.PJNTJHT
  9.ERVGGGV
 10.XEXHSBR
 11.RFGMIHP
 12.FGTKPXC
 13.RPIGRYX
 14.OOQDLCQ
 15.WPPMVMN
Down
  1.OPEXRFROW
  2.AJREFGPOP
  3.SNVXGTIQP
  4.NTGHMKGDM
  5.LJGSIPRLV
  6.JHGBHXYCM
  7.FTVRPCXQN

puzzle #349:
Across
  1.A
  2.K
  3.R
  4.I
  5.J
  6.Q
  7.S
  8.V
  9.M
 10.T
 11.I
 12.Y
 13.B
 14.N
 15.H
 16.M
 17.H
 18.C
 19.X
 20.R
 21.K
 22.C
 23.I
 24.J
 25.X
 26.H
 27.M
 28.P
 29.U
 30.Q
 31.V
 32.K
 33.Q
 34.L
 35.X
 36.D
Down
  1.A
  2.K
  3.R
  4.I
  5.J
  6.Q
  7.S
  8.V
  9.M
 10.T
 11.I
 12.Y
 13.B
 14.N
 15.H
 16.M
 17.H
 18.C
 19.X
 20.R
 21.K
 22.C
 23.I
 24.J
 25.X
 26.H
 27.M
 28.P
 29.U
 30.Q
 31.V
 32.K
 33.Q
 34.L
 35.X
 36.D

puzzle #350:
Across
  1.WLWW
  5.AP
  7.RBYVESJC
  9.FCEX
 10.QJ
 11.BIU
 12.JHPJ
 14.XOCFRXW
 16.UDSTA
 17.G
 18.UGGSJ
 19.N
 20.K
 21.W
 22.OD
 24.W
 25.P
 26.OKB
Down
  1.WBCIODG
  2.LYEUCSGW
  3.WVX
  4.WE
  5.AJJPWGN
  6.PC
  7.RFBXUUK
  8.SQHX
 12.JRAJO
 13.J
 15.FTS
 23.DO
 24.WB
 25.P
 27.K

puzzle #351:
Across
Down

puzzle #352:
Across
  1.GWPMDVTR
  9.TULSHQCI
 10.IMNXNYDL
 11.OXVOGWYW
 12.SERXOHFQ
 13.HFWXLFDQ
 14.JTVYYODR
 15.EMRKABNU
 16.SMYUAPNX
Down
  1.GTIOSHJES
  2.WUMXEFTMM
  3.PLNVRWVRY
  4.MSXOXXYKU
  5.DHNGOLYAA
  6.VQYWHFOBP
  7.TCDYFDDNN
  8.RILWQQRUX

puzzle #353:
Across
  1.N
  2.T
  3.S
  4.A
  5.A
  6.T
  7.N
  8.M
  9.T
 10.O
 11.X
 12.I
 13.O
 14.A
 15.A
 16.B
 17.M
 18.G
 19.T
 20.U
 21.I
 22.K
 23.F
 24.G
 25.B
 26.G
 27.W
 28.D
 29.O
 30.Y
 31.F
 32.V
 33.L
 34.E
 35.X
 36.T
 37.U
 38.G
 39.G
 40.A
Down
  1.N
  2.T
  3.S
  4.A
  5.A
  6.T
  7.N
  8.M
  9.T
 10.O
 11.X
 12.I
 13.O
 14.A
 15.A
 16.B
 17.M
 18.G
 19.T
 20.U
 21.I
 22.K
 23.F
 24.G
 25.B
 26.G
 27.W
 28.D
 29.O
 30.Y
 31.F
 32.V
 33.L
 34.E
 35.X
 36.T
 37.U
 38.G
 39.G
 40.A

puzzle #354:
Across
  1.DQGMPXI
  8.E
  9.KN
 10.SHCC
 11.J
 12.FTJYNCLKK
 15.R
 16.YQOAIE
 17.OB
 19.DLO
 20.K
 21.DIJ
 24.CEEO
 26.RKIDXNV
 28.OBJ
 29.KXLBP
 32.YDFQTOIB
Down
  1.DKFRO
  2.QNT
  3.G
  4.MSYQ
  5.PHNOD
  6.XCCALCNXO
  7.ICLIOEVLI
  8.EJK
 13.JY
 14.KE
 18.BDKBD
 20.KO
 22.IIJF
 23.JD
 25.E
 26.ROY
 27.XKT
 30.BB
 31.P
 33.Q

puzzle #355:
Across
Down

puzzle #356:
Across
  1.RJPEEYMWF
 10.TLOTKUMRC
 11.JJEVBLRFI
 12.FNNRJFPWA
 13.EPMHVKOBI
 14.OGGUJPSMN
 15.XFULBBPSY
 16.GJGNKUSAQ
 17.MVFKGJHHT
Down
  1.RTJFEOXGM
  2.JLJNPGFJV
  3.POENMGUGF
  4.ETVRHULNK
  5.EKBJVJBKG
  6.YULFKPBUJ
  7.MMRPOSPSH
  8.WRFWBMSAH
  9.FCIAINYQT

puzzle #357:
Across
  1.T
  2.H
  3.Y
  4.W
  5.D
  6.A
  7.D
  8.I
  9.H
 10.L
 11.T
 12.M
 13.R
 14.A
 15.V
 16.J
 17.A
 18.Y
 19.E
 20.P
 21.K
 22.A
 23.P
 24.W
 25.K
 26.P
 27.O
 28.E
 29.R
 30.X
 31.U
 32.S
 33.X
 34.R
 35.W
 36.E
 37.F
 38.P
 39.L
 40.A
 41.I
 42.O
 43.L
 44.I
 45.Y
Down
  1.T
  2.H
  3.Y
  4.W
  5.D
  6.A
  7.D
  8.I
  9.H
 10.L
 11.T
 12.M
 13.R
 14.A
 15.V
 16.J
 17.A
 18.Y
 19.E
 20.P
 21.K
 22.A
 23.P
 24.W
 25.K
 26.P
 27.O
 28.E
 29.R
 30.X
 31.U
 32.S
 33.X
 34.R
 35.W
 36.E
 37.F
 38.P
 39.L
 40.A
 41.I
 42.O
 43.L
 44.I
 45.Y

puzzle #358:
Across
  1.QTF
  4.HGNP
  8.A
  9.YI
 10.YOK
 11.F
 12.XM
 14.KCGP
 16.JD
 17.WVC
 19.EG
 20.MVV
 21.J
 22.WPEDOK
 24.OT
 25.OL
 26.W
 27.V
 28.NIW
 29.CB
 30.U
 31.U
 32.PN
 33.LKX
 34.P
 35.H
 36.AORAXT
 38.G
Down
  1.Q
  2.TY
  3.FIK
  4.HYGGE
  5.GOP
  6.NK
  7.P
  8.AXWJ
 11.FDV
 13.MV
 15.CEPTW
 16.JVK
 18.C
 20.MOLBXT
 22.WOINO
 23.DOCKX
 26.WUPG
 27.VUH
 28.NPA
 33.LA
 37.R

puzzle #359:
Across
Down

puzzle #360:
Across
  1.RNYITSPMCN
 11.OLHMNHEKPN
 12.HWSHMUDRVX
 13.HPOMOIQDUK
 14.GRATQTGLOJ
 15.IWJQRBVLFR
 16.SJFFXJHBLM
 17.SPJDBSJFFY
 18.RBITUIKPNL
Down
  1.ROHHGISSR
  2.NLWPRWJPB
  3.YHSOAJFJI
  4.IMHMTQFDT
  5.TNMOQRXBU
  6.SHUITBJSI
  7.PEDQGVHJK
  8.MKRDLLBFP
  9.CPVUOFLFN
 10.NNXKJRMYL

puzzle #361:
Across
  1.O
  2.K
  3.U
  4.A
  5.A
Down
  1.O
  2.K
  3.U
  4.A
  5.A

puzzle #362:
Across
  1.O
  2.R
  3.A
  4.J
  5.Y
  6.G
  7.L
  8.G
  9.W
 10.X
Down
  1.ORAJYGLGWX

puzzle #363:
Across
Down

puzzle #364:
Across
  1.V
  2.A
  3.R
  4.K
  5.Y
  6.D
  7.K
  8.T
  9.K
 10.H
Down
  1.VARKYDKTKH

puzzle #365:
Across
  1.Y
  2.T
  3.Q
  4.V
  5.E
  6.B
  7.J
  8.H
  9.P
 10.X
Down
  1.Y
  2.T
  3.Q
  4.V
  5.E
  6.B
  7.J
  8.H
  9.P
 10.X

puzzle #366:
Across
  1.DO
  3.N
  4.G
  5.SB
  6.GY
  7.E
  8.FL
 10.OB
 11.PA
Down
  1.DN
  2.O
  4.GBYE
  5.SG
  8.FOP
  9.LBA

puzzle #367:
Across
Down

puzzle #368:
Across
  1.JH
  3.JD
  4.UM
  5.SD
  6.IR
  7.KQ
  8.RD
  9.YS
 10.NG
 11.FR
Down
  1.JJUSIKRYNF
  2.HDMDRQDSGR

puzzle #369:
Across
  1.Q
  2.H
  3.B
  4.X
  5.P
  6.X
  7.Q
  8.A
  9.R
 10.L
 11.M
 12.T
 13.A
 14.T
 15.R
Down
  1.Q
  2.H
  3.B
  4.X
  5.P
  6.X
  7.Q
  8.A
  9.R
 10.L
 11.M
 12.T
 13.A
 14.T
 15.R

puzzle #370:
Across
  1.XT
  3.WWE
  5.VMN
  6.G
  7.CBU
  9.AX
 10.HOD
 12.OCQ
 13.EOW
 14.TQ
Down
  1.XWV
  2.TWM
  4.ENGU
  7.CAHOET
  8.BXOCOQ
 11.DQW

puzzle #371:
Across
Down

puzzle #372:
Across
  1.QXP
  4.VID
  5.DKJ
  6.EWC
  7.XLC
  8.VVN
  9.YPG
 10.TQU
 11.BGL
 12.PMR
Down
  1.QVDEXVYTBP
  2.XIKWLVPQGM
  3.PDJCCNGULR

puzzle #373:
Across
  1.J
  2.C
  3.L
  4.M
  5.E
  6.W
  7.L
  8.B
  9.F
 10.U
 11.L
 12.I
 13.Y
 14.D
 15.K
 16.G
 17.C
 18.S
 19.C
 20.D
Down
  1.J
  2.C
  3.L
  4.M
  5.E
  6.W
  7.L
  8.B
  9.F
 10.U
 11.L
 12.I
 13.Y
 14.D
 15.K
 16.G
 17.C
 18.S
 19.C
 20.D

puzzle #374:
Across
  1.FOGB
  5.AFV
  6.R
  7.I
  8.EDWO
 10.YHI
 11.PHI
 12.KNLJ
 14.CW
 15.KLH
 17.X
 18.K
Down
  1.F
  2.OARDHHN
  3.GF
  4.BVIO
  8.EYPK
  9.WIILCH
 13.JW
 15.KX
 16.L
 18.K

puzzle #375:
Across
Down

puzzle #376:
Across
  1.KITO
  5.NLPK
  6.YLXT
  7.KITQ
  8.VKUK
  9.HYBX
 10.JQSD
 11.OYCR
 12.SGVG
 13.WUER
Down
  1.KNYKVHJOSW
  2.ILLIKYQYGU
  3.TPXTUBSCVE
  4.OKTQKXDRGR

puzzle #377:
Across
  1.F
  2.I
  3.I
  4.B
  5.M
  6.N
  7.I
  8.L
  9.I
 10.J
 11.N
 12.S
 13.E
 14.J
 15.J
 16.V
 17.U
 18.S
 19.D
 20.H
 21.I
 22.A
 23.J
 24.L
 25.X
Down
  1.F
  2.I
  3.I
  4.B
  5.M
  6.N
  7.I
  8.L
  9.I
 10.J
 11.N
 12.S
 13.E
 14.J
 15.J
 16.V
 17.U
 18.S
 19.D
 20.H
 21.I
 22.A
 23.J
 24.L
 25.X

puzzle #378:
Across
  1.BCIUQ
  6.PEU
  7.B
  8.KL
  9.OX
 10.E
 11.EV
 12.E
 13.XJD
 14.M
 15.CBS
 16.S
 17.MA
 18.TGMWT
 20.PJ
 21.B
 22.SYYS
Down
  1.BPK
  2.CELE
  3.IU
  4.U
  5.QBXVDSATB
  9.OEJBMW
 12.EM
 13.XC
 16.SGJY
 18.TPS
 19.M
 23.Y
 24.S

puzzle #379:
Across
Down

puzzle #380:
Across
  1.JHLSH
  6.WQFCP
  7.XVNMS
  8.OAWEP
  9.XIWNR
 10.NEVRT
 11.MKHFO
 12.YVOFK
 13.STSQS
 14.UEHBQ
Down
  1.JWXOXNMYSU
  2.HQVAIEKVTE
  3.LFNWWVHOSH
  4.SCMENRFFQB
  5.HPSPRTOKSQ

puzzle #381:
Across
  1.S
  2.N
  3.K
  4.J
  5.W
  6.F
  7.X
  8.X
  9.B
 10.I
 11.M
 12.B
 13.G
 14.P
 15.S
 16.B
 17.J
 18.V
 19.H
 20.H
 21.I
 22.M
 23.V
 24.K
 25.V
 26.E
 27.Y
 28.D
 29.W
 30.L
Down
  1.S
  2.N
  3.K
  4.J
  5.W
  6.F
  7.X
  8.X
  9.B
 10.I
 11.M
 12.B
 13.G
 14.P
 15.S
 16.B
 17.J
 18.V
 19.H
 20.H
 21.I
 22.M
 23.V
 24.K
 25.V
 26.E
 27.Y
 28.D
 29.W
 30.L

puzzle #382:
Across
  1.S
  2.QM
  4.VM
  6.HP
  7.MHL
  9.WT
 11.GDMK
 13.T
 14.HCELDM
 16.OSCCU
 17.SHVCEF
 19.X
 20.APWT
 21.CMAOIK
 23.TN
 24.SGS
Down
  1.SVMGHOSXCT
  2.QPW
  3.M
  5.MHDCSH
  6.H
  8.LMECVAA
 10.TTM
 12.KLCCPOS
 15.DUEWIG
 18.FTKS
 22.MN

puzzle #383:
Across
Down

puzzle #384:
Across
  1.EKMLAP
  7.LCETSJ
  8.PPYQYG
  9.GQBBEN
 10.ESXCWM
 11.HFBDKI
 12.YDPFSH
 13.XQODLL
 14.IQYSBA
 15.JDRUFL
Down
  1.ELPGEHYXIJ
  2.KCPQSFDQQD
  3.MEYBXBPOYR
  4.LTQBCDFDSU
  5.ASYEWKSLBF
  6.PJGNMIHLAL

puzzle #385:
Across
  1.R
  2.P
  3.X
  4.L
  5.U
  6.K
  7.U
  8.H
  9.I
 10.E
 11.M
 12.S
 13.U
 14.D
 15.P
 16.M
 17.N
 18.M
 19.I
 20.R
 21.T
 22.Y
 23.D
 24.L
 25.O
 26.C
 27.K
 28.V
 29.J
 30.P
 31.X
 32.E
 33.L
 34.K
 35.Q
Down
  1.R
  2.P
  3.X
  4.L
  5.U
  6.K
  7.U
  8.H
  9.I
 10.E
 11.M
 12.S
 13.U
 14.D
 15.P
 16.M
 17.N
 18.M
 19.I
 20.R
 21.T
 22.Y
 23.D
 24.L
 25.O
 26.C
 27.K
 28.V
 29.J
 30.P
 31.X
 32.E
 33.L
 34.K
 35.Q

puzzle #386:
Across
  1.UUG
  4.CFY
  7.EIHSVLF
  9.F
 10.GCVLF
 11.NVRTJ
 13.Y
 14.QAU
 16.XVEY
 18.K
 19.QXNCT
 21.G
 22.GLMSP
 23.H
 24.JP
 25.F
 26.I
 27.GI
 28.KSJP
Down
  1.UEFN
  2.UI
  3.GHGR
  4.CVVJA
  5.FLL
  6.YFF
  8.SCTQYCS
 12.VYVXLPI
 15.UK
 16.XQGJG
 17.ENM
 20.TPFS
 21.GHIP
 28.K
 29.J

puzzle #387:
Across
Down

puzzle #388:
Across
  1.TRQLMQN
  8.VRWHRYE
  9.QKDKVGO
 10.VQYHOSE
 11.BIJCHUR
 12.FBEGYVQ
 13.KBCKJUM
 14.JTRNTBV
 15.TMLVSQT
 16.ISUPIVS
Down
  1.TVQVBFKJTI
  2.RRKQIBBTMS
  3.QWDYJECRLU
  4.LHKHCGKNVP
  5.MRVOHYJTSI
  6.QYGSUVUBQV
  7.NEOERQMVTS

puzzle #389:
Across
  1.I
  2.E
  3.G
  4.W
  5.L
  6.B
  7.K
  8.D
  9.N
 10.D
 11.P
 12.X
 13.X
 14.K
 15.Y
 16.G
 17.P
 18.I
 19.P
 20.B
 21.U
 22.E
 23.F
 24.H
 25.T
 26.J
 27.B
 28.A
 29.O
 30.H
 31.G
 32.Y
 33.L
 34.R
 35.K
 36.Y
 37.V
 38.V
 39.Y
 40.S
Down
  1.I
  2.E
  3.G
  4.W
  5.L
  6.B
  7.K
  8.D
  9.N
 10.D
 11.P
 12.X
 13.X
 14.K
 15.Y
 16.G
 17.P
 18.I
 19.P
 20.B
 21.U
 22.E
 23.F
 24.H
 25.T
 26.J
 27.B
 28.A
 29.O
 30.H
 31.G
 32.Y
 33.L
 34.R
 35.K
 36.Y
 37.V
 38.V
 39.Y
 40.S

puzzle #390:
Across
  1.JKOEWCW
  8.TYTVRLAE
 10.N
 11.HGHSPM
 12.XHW
 14.QPUI
 15.N
 16.XWBKCG
 18.T
 19.M
 20.B
 21.CUWRJQWH
 27.M
 28.IB
 29.ASK
 30.DJ
 32.M
 33.YFT
 34.L
 35.BMSELV
Down
  1.JTNXNTCMDL
  2.KY
  3.OTHWX
  4.EVG
  5.WRHQBMJ
  6.CLSPK
  7.WAPUC
  9.EMIGBHKTV
 13.H
 17.W
 22.U
 23.WI
 24.RBMM
 25.QAYE
 26.WSFL
 31.J
 35.B
 36.S

puzzle #391:
Across
Down

puzzle #392:
Across
  1.MTFRCUMH
  9.SCBUPMFS
 10.LCSJLBGW
 11.MMDTGHUL
 12.MCJKJIRG
 13.ROYHUKTQ
 14.DSURDJJV
 15.ATRRBERG
 16.FGXXGDSE
 17.FNBOPQNS
Down
  1.MSLMMRDAFF
  2.TCCMCOSTGN
  3.FBSDJYURXB
  4.RUJTKHRRXO
  5.CPLGJUDBGP
  6.UMBHIKJEDQ
  7.MFGURTJRSN
  8.HSWLGQVGES

puzzle #393:
Across
  1.B
  2.R
  3.T
  4.M
  5.I
  6.M
  7.Y
  8.M
  9.E
 10.K
 11.B
 12.L
 13.T
 14.A
 15.S
 16.J
 17.V
 18.D
 19.I
 20.B
 21.X
 22.F
 23.S
 24.A
 25.F
 26.W
 27.B
 28.M
 29.S
 30.V
 31.P
 32.M
 33.A
 34.V
 35.V
 36.V
 37.X
 38.Y
 39.P
 40.Y
 41.N
 42.I
 43.R
 44.Y
 45.B
Down
  1.B
  2.R
  3.T
  4.M
  5.I
  6.M
  7.Y
  8.M
  9.E
 10.K
 11.B
 12.L
 13.T
 14.A
 15.S
 16.J
 17.V
 18.D
 19.I
 20.B
 21.X
 22.F
 23.S
 24.A
 25.F
 26.W
 27.B
 28.M
 29.S
 30.V
 31.P
 32.M
 33.A
 34.V
 35.V
 36.V
 37.X
 38.Y
 39.P
 40.Y
 41.N
 42.I
 43.R
 44.Y
 45.B

puzzle #394:
Across
  1.G
  2.JB
  4.I
  5.NREM
  8.BBUD
 11.T
 12.TXUKN
 14.YPJVQJ
 17.SI
 19.WOGEBDILF
 21.WSYBLQ
 22.S
 23.IDHPXA
 24.RL
 25.QJFUV
 26.QTC
 27.B
 28.QXGNOSL
 30.CVTVE
 31.UH
Down
  1.GR
  2.J
  3.BBUJDQA
  4.IUNSL
  5.NTYWWIQB
  6.E
  7.MTVEBPUXT
  9.BK
 10.D
 13.XQBLXVGV
 15.POSDJ
 16.JGYHFQV
 18.IFSLCLH
 20.I
 24.RTSU
 26.QO
 29.NE
 30.C

puzzle #395:
Across
Down

puzzle #396:
Across
  1.VQHUAVGJI
 10.YGPFWWPSN
 11.FCEGBKDWD
 12.DUVXJYOIN
 13.WIDMAWWGU
 14.WAXAKWBWX
 15.XIVPADNDC
 16.TWRCWHXNB
 17.UDTBUTEYW
 18.PQOTVFLJJ
Down
  1.VYFDWWXTUP
  2.QGCUIAIWDQ
  3.HPEVDXVRTO
  4.UFGXMAPCBT
  5.AWBJAKAWUV
  6.VWKYWWDHTF
  7.GPDOWBNXEL
  8.JSWIGWDNYJ
  9.INDNUXCBWJ

puzzle #397:
Across
  1.O
  2.D
  3.I
  4.O
  5.M
  6.A
  7.N
  8.K
  9.D
 10.G
 11.S
 12.R
 13.P
 14.K
 15.T
 16.F
 17.J
 18.C
 19.D
 20.J
 21.K
 22.G
 23.A
 24.X
 25.X
 26.J
 27.X
 28.O
 29.B
 30.L
 31.G
 32.F
 33.R
 34.I
 35.T
 36.D
 37.C
 38.C
 39.V
 40.Q
 41.P
 42.I
 43.A
 44.D
 45.K
 46.U
 47.D
 48.B
 49.W
 50.J
Down
  1.O
  2.D
  3.I
  4.O
  5.M
  6.A
  7.N
  8.K
  9.D
 10.G
 11.S
 12.R
 13.P
 14.K
 15.T
 16.F
 17.J
 18.C
 19.D
 20.J
 21.K
 22.G
 23.A
 24.X
 25.X
 26.J
 27.X
 28.O
 29.B
 30.L
 31.G
 32.F
 33.R
 34.I
 35.T
 36.D
 37.C
 38.C
 39.V
 40.Q
 41.P
 42.I
 43.A
 44.D
 45.K
 46.U
 47.D
 48.B
 49.W
 50.J

puzzle #398:
Across
  1.VTIKYTLEKK
 11.CLPKQMSBJ
 12.RLQFMD
 13.T
 14.CH
 15.J
 16.AHB
 19.KJTMXHSW
 22.U
 23.IRHQEVXJT
 25.PLPH
 26.COIO
 28.KNXT
 29.SDRM
 30.XARXH
 32.EXWL
 33.BJS
 34.TQLSH
Down
  1.V
  2.TCRCJRPNAB
  3.ILLHTHLXRJ
  4.KPQ
  5.YKFJXEH
  6.TQM
  7.LMDASXCSEQ
  8.ES
  9.KB
 10.KJT
 17.HWJODXL
 18.B
 19.KI
 20.MQPTXS
 21.HV
 22.U
 24.TIRWS
 27.OMLH
 28.KX
 31.H
 34.T

puzzle #399:
Across
Down

puzzle #400:
Across
  1.SMQSBKHKKC
 11.MYYWMAAOKU
 12.QGTTKYBRQW
 13.DRKPFXVXDY
 14.VREJIITXWW
 15.DFELTVNMKG
 16.KYYAXDXMAK
 17.RKJVEDVHVR
 18.XKCTVPRVHV
 19.AHXXYPLFLP
Down
  1.SMQDVDKRXA
  2.MYGRRFYKKH
  3.QYTKEEYJCX
  4.SWTPJLAVTX
  5.BMKFITXEVY
  6.KAYXIVDDPP
  7.HABVTNXVRL
  8.KORXXMMHVF
  9.KKQDWKAVHL
 10.CUWYWGKRVP

