Input set #1:
1: 1021.70 2(10)
2:  408.68 2(4)
3:  306.51 2(3)
4:  306.51 2(3)
5:  510.85 2(5)
Input set #2:
1: 3609.06 45(13)
2: 2776.20 45(10)
3:  832.86 45(3)
4: 4719.54 45(17)
5: 4997.16 45(18)
6:   82.20 50
Input set #3:
1:  926.20 91(5)
2:  460.84 110(2)
3:  600.90 91(2) 110
4: 2472.25 91(2) 115(9)
5: 2053.48 91 115(8)
6:  694.37 110(2) 115
Input set #4:
1:  131.03 2
2:  985.22 2 18 142(2)
3:  985.22 2 18 142(2)
4:  262.06 2(2)
5:  825.00 2(5) 18
6: 1128.35 2(6) 142
7:  524.12 2(4)
8:  393.09 2(3)
Input set #5:
1:  788.73 133 274(2)
2: 1332.21 66(2) 218(2) 274(3) 298
3:  640.76 66(2) 274(2)
4:  258.62 298(2)
5:  697.05 133 218(2)
6: 2366.19 133(3) 274(6)
7: 1411.40 133(4)
8: 1494.43 133(3) 274(2)
9:  516.30 218(3)
Input set #6:
1:  108.38 216
2:  325.14 216(3)
3:  410.08 193 216(2)
4: 1705.48 97 193(5) 216 343(2)
5:  788.98 97(2) 193 216(3)
6:  630.28 97 193(2) 216
7:  990.04 193(4) 216(2)
8: 1175.30 97(4) 193(2) 343
9: 1179.60 97 193(3) 216(2) 343
10: 1031.24 193(2) 216(5) 262
Input set #7:
1:  990.20 285(6) 349
2: 1107.64 165(2) 285(6) 349
3:  779.12 165(2) 285 349(7)
4:  186.07 346 349
5: 1195.40 94(3) 232(3) 346(3) 349
6: 1404.76 165 285(5) 349(8)
7:  305.84 285(2)
8:  545.74 165 232(2) 285 349
9: 1020.18 165(4) 232(2) 285(2) 349(3)
10:  270.36 165(2) 285
Input set #8:
1:  404.85 106 324 356
2:  171.77 106
3:  651.07 385 456(2)
4: 1710.91 182(2) 324(9)
5:  955.01 324(7)
6:  269.53 385
Input set #9:
1: 1384.42 109 274 321(10) 413
2:  907.04 109 321(6)
3: 1268.72 213(2) 304(2)
4: 1117.76 213(3) 321(2)
5:  724.76 213 304 321
6: 1126.11 69(3) 304 321
7: 1219.46 109(2) 274(3) 321(4)
8:  635.84 109 321(3)
9: 1064.34 213 274(7) 321(5)
Input set #10:
1:  927.21 310(3) 367(2) 419 468
2:  630.58 143 310 367 496
3:  220.99 68 367
4:  631.84 68(2) 310 493(3)
5:  710.08 468(5) 496
6: 1143.08 143 367(2) 419 468 496(2)
7:  539.81 87 143
8:  213.88 468(2)
9:  981.73 68 143 219 367(2) 468(2)
10:  441.82 87 310
11:  553.19 143(2) 367
Input set #11:
1:  904.33 1(3) 201 458(3)
2: 1131.31 1(3) 458(3) 468(2) 558(2)
3:  278.52 458(2) 468(2)
4:  250.54 558(2)
5:  709.73 1(3) 201(2) 458
6:  605.99 139 201(2) 262
7:  858.85 139 201(5) 467(2)
8:  691.23 1(2) 458(3)
Input set #12:
1: 1053.94 141 231(2) 383(2) 419(4)
2:  738.60 419(4)
3: 1246.58 141(2) 253 419(4)
4:  996.26 383 419(5)
5:  859.34 253 419(3) 447
Input set #13:
1:  444.95 96 350(7) 614
2:  893.32 96 240(2) 350 517 614 668
3:  505.45 350(3) 441(2)
4:  533.07 240 517(2)
5:  569.31 240(3) 517
6:  666.73 240(5) 350(2)
7:  533.07 240 517(2)
8: 1546.88 96 240(2) 517(6)
9:  696.36 350(4) 517(2) 614
Input set #14:
1: 1101.93 70 258 305(2) 354 672(3)
2:  525.29 207 429 580(2)
3:  327.76 207 258 354
4:  586.96 207(2) 354(6) 672
5: 1054.40 207(9) 317 580(3) 672
6:  579.01 207(5) 672(4)
7:  520.08 70 207(4) 580 672
8: 1035.23 70 305 483 580(4) 672
9:  354.00 580(2) 672(2)
Input set #15:
1:  810.78 79 192 216(2)
2:  854.35 192 545 684(2)
3:  248.85 373
4:  756.95 79 192 202 735
5:  803.23 79 149 632 695
6: 1062.46 79(2) 149 632(2)
7: 1173.94 79(3) 632(2)
8:  661.15 149 192 632 735
9:  545.86 149 202 327 735
10:  203.02 192
11:  366.19 373 735
12:  678.36 545(4)
Input set #16:
1:  766.50 21(3) 420(2) 571 675(2) 753
2:  797.97 81 168 279 492
3:  260.13 168
4:  742.77 21(5) 591 675(6)
5:  552.97 21(3) 420(2) 492 675(2)
6:  337.49 168 591
7:   36.65 21
8:  966.70 21(2) 420(6) 492(2) 571 675
9:  160.72 675(2)
10:  371.56 571(3) 675(2)
Input set #17:
1:  533.25 486(2) 847 896
2:  279.76 486(2)
3:  604.80 411 486(2) 582 896
4:  678.56 267 348 562(3)
5:  422.86 140(2) 543
Input set #18:
1: 1088.77 30(3) 230 716(2)
2:  734.86 153 230(3) 401 716
3:  681.50 33 153 230(2) 716
4: 1364.48 30(2) 230 401(5) 608
5: 1216.63 30(3) 230(3) 608
6:  925.84 33 230(4) 558 608(3)
7:  260.96 767(2)
8:  121.62 558
9:  342.78 401 608 767
10:  210.46 558 608
Input set #19:
1:  683.61 198 636 743(2)
2:  490.28 224(2) 403 636
3:  542.19 255 403 551 841(3)
4:  171.97 523
5: 1211.26 224(2) 636(6) 743(2)
6:  495.70 332 743 924
7:  223.16 551(4)
8:  855.58 198 523 636 743(2)
Input set #20:
1:  120.96 406 471(2)
2:  582.67 49 573 655 874(2)
3:  636.20 406 471(4) 655(4)
4:  411.66 78(2) 471 573 707(2)
5:  286.72 471(3) 707(2)
6:  149.88 471(3)
7:  347.40 78 537
8: 1158.63 49 70 78(2) 589 874(4)
9:  676.66 471(10) 573 707(2)
10:  605.80 70 78 406 471 655(2)
11: 1111.82 70(2) 78(5) 797
12:   40.22 573
13:  540.97 78(2) 462
14:  411.80 78 377 471 655
15:  969.56 78(8) 406 471 957
16:  790.00 78(4) 406 471(8)
17:  644.34 70 78 471(2) 573(2) 707(2)
18:  343.93 49 655 707
19: 1165.61 70(2) 78(2) 471(4) 655(3)
