Paragraph 1
Line 1: CbBBcb ... B~BbC (55 whitespace)
Line 2: aA ... b (987 whitespace)
Line 3: C~AACA ... abba (542 whitespace)
Line 4: CAb ... bc~ (3703 whitespace)
Paragraph 2
Line 1: a ... Ba (1533 whitespace)
Line 2: ~cC ... aC (1423 whitespace)
Line 3: CaC~A ... C (477 whitespace)
Line 4: C ... B (641 whitespace)
Line 5: B~ ... bbaCcc (19279 whitespace)
Paragraph 3
Line 1: b ... aA (19092 whitespace)
Paragraph 4
Line 1: ca ... A~a (211 whitespace)
Line 2: aa ... AC~cC (7027 whitespace)
Paragraph 5
Line 1: ~CA~ ... Bbb (718 whitespace)
Line 2: a~~~ ... ~ (3809 whitespace)
Paragraph 6
Line 1: Ab~BC ... Cc (356 whitespace)
Line 2: BB ... ACa (8428 whitespace)
Paragraph 7
Line 1: BCACb ... C (1 whitespace)
Line 2: caCba ... BcaCa (846 whitespace)
Line 3: a~ ... C (110 whitespace)
Line 4: cC ... bC (145 whitespace)
Line 5: cAB ... B (13650 whitespace)
Paragraph 8
Line 1: aCCA~ ... cbaAbc (824 whitespace)
Line 2: bbC ... ca (1464 whitespace)
Line 3: AbcC ... BaaC~c (589 whitespace)
Line 4: baB ... AcBab (2360 whitespace)
Paragraph 9
Line 1: C ... bB (1806 whitespace)
Line 2: cacaA ... aB (42 whitespace)
Line 3: B ... B~ (10658 whitespace)
Paragraph 10
Line 1: aCCcaC ... A (2112 whitespace)
Line 2: BCBAcbc ... ABbc (182 whitespace)
Line 3: bca ... a (564 whitespace)
Line 4: A~AA ... ~c (301 whitespace)
Line 5: C ... bcbcb (759 whitespace)
Line 6: BCCA ... Cab (727 whitespace)
Line 7: bB ... caCa (8 whitespace)
Line 8: aCaB~cb ... aacBBB (228 whitespace)
Line 9: Caab ... cBC (32 whitespace)
Line 10: aab ... aCAcb (195 whitespace)
Line 11: cC~~c ... C (1442 whitespace)
Paragraph 11
Line 1: A ... ~~ABcB (13537 whitespace)
Paragraph 12
Line 1: b ... BBaCCA (27343 whitespace)
Paragraph 13
Line 1: cb ... aB (910 whitespace)
Line 2: aCc ... ab (402 whitespace)
Line 3: a~aab ... BBa (26 whitespace)
Line 4: c ... Ccc (7 whitespace)
Line 5: bBba ... Cc (1967 whitespace)
Line 6: a~cc ... C (1167 whitespace)
Line 7: b ... bBaB (98 whitespace)
Line 8: ~ ... BcACc (570 whitespace)
Line 9: bb ... C~~ (1488 whitespace)
Paragraph 14
Line 1: b ... C (1110 whitespace)
Line 2: BbBC ... c (654 whitespace)
Line 3: a~ ... b (884 whitespace)
Line 4: cbCbBb ... AAC (762 whitespace)
Line 5: CaA ... ccA~B (1877 whitespace)
Line 6: BaA ... aa (3555 whitespace)
Line 7: baAbACC ... ~a (1709 whitespace)
Line 8: Aac ... Aac (18625 whitespace)
Paragraph 15
Line 1: BA ... caaaa~ (483 whitespace)
Line 2: A~bC ... bca (404 whitespace)
Line 3: B ... ~ (309 whitespace)
Line 4: aCAcB~B ... A~ (504 whitespace)
Line 5: B~bBa~B ... bb (584 whitespace)
Line 6: CaAaA~Ba ... a~BAc (693 whitespace)
Line 7: cb ... c (722 whitespace)
Line 8: C ... bAa (329 whitespace)
Line 9: CcA ... BB~ (1293 whitespace)
Line 10: bB~ ... bB~ (4135 whitespace)
Line 11: aAA~cA ... aAA~cA (1390 whitespace)
Line 12: CbACa~B (-66 whitespace)
Line 13: ~ ... cbb (2700 whitespace)
Line 14: cCcCCc~a ... cCcCCc~a (628 whitespace)
Line 15: cCCCCbcA ... cCCCCbcA (48 whitespace)
Line 16: ~b~ ... bC (356 whitespace)
Line 17: cbCa ... AC~bAac (444 whitespace)
Line 18: bacbC ... c (1581 whitespace)
Line 19: CC ... a~Ac~ (615 whitespace)
Line 20: A ... CbBAbB~c (1921 whitespace)
Paragraph 16
Line 1: ~Bbc~~ ... ~ (364 whitespace)
Line 2: ~Ca~ ... ~ (338 whitespace)
Line 3: bACA~ ... C~c (1158 whitespace)
Paragraph 17
Line 1: BB~~C~ ... B~Aba (641 whitespace)
Line 2: CBaBA ... Ba (1418 whitespace)
Line 3: bCa ... A (108 whitespace)
Line 4: aBAC ... cbb~aBaC (2090 whitespace)
Paragraph 18
Line 1: BAb ... bC (314 whitespace)
Line 2: BAC ... b (1530 whitespace)
Line 3: acBAbbca ... b (48 whitespace)
Line 4: C~ ... abbA (359 whitespace)
Line 5: cbba~a ... A (1050 whitespace)
Line 6: BAAAccba ... caCcc (638 whitespace)
Line 7: CBa~c ... C (1273 whitespace)
Line 8: bbbBa~ ... BCABBbAA (722 whitespace)
Line 9: ~b ... ~B (368 whitespace)
Line 10: ccc ... ~B~bBbb (785 whitespace)
Line 11: ~ab ... B (195 whitespace)
Line 12: CABBAAC ... cBAAc (329 whitespace)
Line 13: c~c ... Cbbc~ (351 whitespace)
Line 14: A~ ... accB (490 whitespace)
Line 15: A~aa~A ... ~~~bBB (1261 whitespace)
Paragraph 19
Line 1: A ... c (547 whitespace)
Line 2: ABc ... cb (1699 whitespace)
Line 3: caa~CAAc ... CbAC (2171 whitespace)
Line 4: cAcC ... Ca (3939 whitespace)
Line 5: ~aa~A~C ... cbbA (137 whitespace)
Line 6: Ab ... Bba (262 whitespace)
Line 7: a ... Baaa~bB (660 whitespace)
Line 8: cbAB ... c (232 whitespace)
Line 9: C ... C (14868 whitespace)
Paragraph 20
Line 1: ~BaC ... c (378 whitespace)
Line 2: AB ... cBC (482 whitespace)
Line 3: aA~Bc ... A (808 whitespace)
Line 4: BB~A~ ... BB~A~ (3193 whitespace)
Paragraph 21
Line 1: BbCbc~ ... aACAcA (2116 whitespace)
Line 2: BBbAaac ... BBbAaac (3333 whitespace)
Line 3: aaA~ ... ACbcCaa (277 whitespace)
Line 4: c ... acb (1380 whitespace)
Line 5: a~~cCA ... a~ (716 whitespace)
Line 6: C ... ~ (1903 whitespace)
Line 7: cAA ... cAA (6605 whitespace)
Paragraph 22
Line 1: c ... C (840 whitespace)
Line 2: bAb~a ... cAaBbB (757 whitespace)
Line 3: Ccc ... cb (2784 whitespace)
Paragraph 23
Line 1: BC ... AC (1018 whitespace)
Line 2: ~~a ... cCCAb (407 whitespace)
Line 3: cCc~cb ... c (1686 whitespace)
Line 4: aBBC ... b~b (760 whitespace)
Line 5: B ... ~BC (8 whitespace)
Line 6: c ... A (771 whitespace)
Line 7: abaC~Ccb ... Baa (777 whitespace)
Line 8: accBa ... AAB~aac (2705 whitespace)
Line 9: BAAa ... CC~bAb (679 whitespace)
Line 10: c~ ... CcC (1928 whitespace)
Line 11: cC~ ... ~~BcbcbC (2006 whitespace)
Line 12: BCB~cc ... ~Ac (1648 whitespace)
Line 13: bCB ... bCB (10643 whitespace)
Paragraph 24
Line 1: a ... Ba (16 whitespace)
Line 2: A~~Ba~ ... BAcbaB (4882 whitespace)
Paragraph 25
Line 1: c~bA ... a (2088 whitespace)
Line 2: ABA ... Cc (779 whitespace)
Paragraph 26
Line 1: A~b ... bb (766 whitespace)
Line 2: ~aAaA~ ... ~ (1120 whitespace)
Line 3: aCcaBc ... Ccac~Bc (1097 whitespace)
Line 4: A~c~CCAA ... AcBc (557 whitespace)
Line 5: cb~ ... cA~A (120 whitespace)
Line 6: AAb~ca ... ~ (1070 whitespace)
Line 7: acAB ... A (1748 whitespace)
Line 8: AaCBB~ ... Abb~a (86 whitespace)
Line 9: c ... ~Aa (2438 whitespace)
Line 10: cAbcABAa ... ~a (137 whitespace)
Line 11: Ca ... A (32 whitespace)
Line 12: A~bbaBab ... ab~b (3137 whitespace)
Paragraph 27
Line 1: A ... AcC~a (2958 whitespace)
Line 2: ~acbbCAA ... BCba~c (751 whitespace)
Line 3: aACa ... BBc (2236 whitespace)
Line 4: Bc~aAbB ... BB~ (1168 whitespace)
Line 5: AcCBC ... ~CAC (1812 whitespace)
Line 6: bAA~Ac ... ~c (2200 whitespace)
Line 7: cBaAc ... c (440 whitespace)
Paragraph 28
Line 1: Bbc ... ~a~~A (2417 whitespace)
Paragraph 29
Line 1: bacaa~ ... aAbCA (1086 whitespace)
Line 2: CAaACb ... ~ (110 whitespace)
Line 3: BBa~ ... aBa~c (49 whitespace)
Line 4: ba ... cBaA (3164 whitespace)
Line 5: aBb~C ... AB (538 whitespace)
Line 6: C ... b~Ac (3936 whitespace)
Paragraph 30
Line 1: c ... c (6824 whitespace)
Paragraph 31
Line 1: B ... BbcBC (394 whitespace)
Line 2: c ... aaa (852 whitespace)
Line 3: B ... B (3797 whitespace)
Line 4: BC~a~abB ... BC~a~abB (300 whitespace)
Line 5: Bb ... C (280 whitespace)
Line 6: BaBaBbCb ... BaBaBbCb (937 whitespace)
Line 7: Acc~~ ... CbA (233 whitespace)
Line 8: C ... ~bACc (699 whitespace)
Line 9: C ... aCC (626 whitespace)
Line 10: bA ... AA (504 whitespace)
Line 11: Ac ... ~Ac (148 whitespace)
Line 12: cabc ... bB (2929 whitespace)
Paragraph 32
Line 1: BC ... a~Ba (130 whitespace)
Line 2: aa ... b~ (28 whitespace)
Line 3: ~Ca (-1021 whitespace)
Line 4: ~ ... ~ (46 whitespace)
Line 5: b ... b (117 whitespace)
Line 6: b ... b (117 whitespace)
Line 7: BbccCc (-1626 whitespace)
Line 8: bCabCb (-1645 whitespace)
Line 9: ~ ... ~ (462 whitespace)
Line 10: bB~ (-390 whitespace)
Line 11: acC (-156 whitespace)
Line 12: CcA (-195 whitespace)
Line 13: ~BBC (-364 whitespace)
Line 14: aBB ... aBB (98 whitespace)
Line 15: baBCcAb (-887 whitespace)
Line 16: cc (-147 whitespace)
Line 17: c ... c (214 whitespace)
Line 18: BACCC (-48 whitespace)
Line 19: a ... a (249 whitespace)
Line 20: B ... B (527 whitespace)
Line 21: CAB ... CAB (272 whitespace)
Line 22: a ... a (249 whitespace)
Line 23: ~ ... ~ (403 whitespace)
Line 24: aBB~c (-614 whitespace)
Line 25: BC ... BC (367 whitespace)
Line 26: Bcc (-171 whitespace)
Line 27: a~bBBa (-2626 whitespace)
Line 28: BBb~Bba (-3267 whitespace)
Line 29: ~b ... ~b (214 whitespace)
Line 30: a ... a (208 whitespace)
Line 31: ~CCBBbbc (-2321 whitespace)
Line 32: ~abb (-912 whitespace)
Line 33: CB ... c (345 whitespace)
Line 34: CcaC (-180 whitespace)
Line 35: ~Ca (-64 whitespace)
Line 36: bbaA~b (-1521 whitespace)
Line 37: B ... ~ (212 whitespace)
Line 38: AAbbA (-1672 whitespace)
Line 39: ~cAcCcc (-901 whitespace)
Line 40: CC~~ba (-1023 whitespace)
Line 41: A~~AAa~ (-1118 whitespace)
Line 42: bCaB~cB (-1261 whitespace)
Line 43: ~ac~~a (-1654 whitespace)
Line 44: BbB~a~~A (-1968 whitespace)
Line 45: c ... c (108 whitespace)
Line 46: AA ... AA (359 whitespace)
Line 47: bba (-433 whitespace)
Line 48: A ... A (508 whitespace)
Line 49: b (-115 whitespace)
Line 50: ACAA (-2536 whitespace)
Line 51: C (-190 whitespace)
Line 52: B (-187 whitespace)
Line 53: C~ (-1138 whitespace)
Line 54: B (-187 whitespace)
Line 55: aB (-615 whitespace)
Line 56: Cacbc (-2419 whitespace)
Line 57: aC~aa~ (-1914 whitespace)
Line 58: C ... C (395 whitespace)
Line 59: BaC ... BaC (13 whitespace)
Line 60: BaB ... BaB (85 whitespace)
Paragraph 33
Line 1: cab~b ... CA (140 whitespace)
Line 2: ~~ ... B (156 whitespace)
Line 3: a ... ~ (600 whitespace)
Line 4: AC ... ~ (1143 whitespace)
Line 5: C~BB ... cbb (234 whitespace)
Line 6: cBC ... ca (2874 whitespace)
Line 7: cA~acac ... B (184 whitespace)
Line 8: ~b ... aB~a (830 whitespace)
Line 9: aBBa ... Cc (485 whitespace)
Line 10: Aa ... B~ba (1195 whitespace)
Line 11: ~BA~bCb ... cAcabc (852 whitespace)
Line 12: AC~ ... bCa~ (2868 whitespace)
Line 13: bAbb~ABa ... AC (436 whitespace)
Line 14: aA ... aCcBAC (127 whitespace)
Line 15: aBBa ... BC (93 whitespace)
Line 16: cAA ... aC (297 whitespace)
Line 17: Ca ... bcBAbbb (1000 whitespace)
Line 18: ACCAcAc ... c (2023 whitespace)
Line 19: aABCAaBc ... A (1060 whitespace)
Line 20: BBbba ... bAaC~Ba (1381 whitespace)
Paragraph 34
Line 1: A ... b~ (24980 whitespace)
Paragraph 35
Line 1: ~ccc ... C (1340 whitespace)
Line 2: ~Ab~Ccc ... a (7739 whitespace)
Paragraph 36
Line 1: bbCAbcCc ... B (53 whitespace)
Line 2: A~c ... b~~ (105 whitespace)
Line 3: aBaBBB ... aBaBBB (200 whitespace)
Line 4: ~~c ... ~ (543 whitespace)
Line 5: bAA~b~ (-154 whitespace)
Line 6: CB~A ... CB~A (182 whitespace)
Line 7: A ... B (238 whitespace)
Line 8: bA ... BB~BB (262 whitespace)
Line 9: aCb ... aCb (646 whitespace)
Line 10: aAbC~ ... aAbC~ (392 whitespace)
Line 11: cb~ ... BA (293 whitespace)
Line 12: abc ... abc (509 whitespace)
Line 13: CaA~ ... CaA~ (496 whitespace)
Line 14: AaB ... B (444 whitespace)
Line 15: ABaACcA ... ABaACcA (194 whitespace)
Line 16: c ... c (169 whitespace)
Line 17: BcCCCA ... C (902 whitespace)
Line 18: cCAabCc ... cCAabCc (213 whitespace)
Line 19: b ... b (798 whitespace)
Line 20: cCACaA (-690 whitespace)
Line 21: bCCBaA ... bCCBaA (88 whitespace)
Line 22: c ... c (1146 whitespace)
Line 23: ~A~a~ (-80 whitespace)
Line 24: CCb ... ~b (99 whitespace)
Line 25: ~c ... b (210 whitespace)
Line 26: c ... AbA (274 whitespace)
Line 27: c~C ... c~C (14 whitespace)
Line 28: CabB (-102 whitespace)
Line 29: aAa (-209 whitespace)
Paragraph 37
Line 1: ~AcAaC~ (-1987 whitespace)
Line 2: bA~A (-551 whitespace)
Line 3: CaCC~~ (-271 whitespace)
Line 4: b~b ... b~b (443 whitespace)
Paragraph 38
Line 1: AcAb ... C (451 whitespace)
Line 2: CaCb ... bAb (2786 whitespace)
Line 3: A~Bb~ ... b (3225 whitespace)
Line 4: abcAbCAC ... bbCbB (1046 whitespace)
Line 5: A~b ... a (153 whitespace)
Line 6: ~b~AAA ... acCa (8425 whitespace)
Paragraph 39
Line 1: ABcACAc ... cB~AABa (3561 whitespace)
Line 2: A~aba ... C~~ (26 whitespace)
Line 3: c ... AC (798 whitespace)
Line 4: BCBcC ... ~~cc (1787 whitespace)
Paragraph 40
Line 1: ~~ ... cCAC (524 whitespace)
Line 2: b~ ... B (600 whitespace)
Line 3: cAba~A ... cb (20 whitespace)
Line 4: Ca ... c (407 whitespace)
Line 5: bBAB ... ~~bacACa (14824 whitespace)
Paragraph 41
Line 1: a ... Cc~~~B (1565 whitespace)
Line 2: cBCcB ... a (463 whitespace)
Line 3: A ... BBC (9858 whitespace)
Paragraph 42
Line 1: Aa ... c (3461 whitespace)
Line 2: ~AB~cCA ... a~~aCca (918 whitespace)
Line 3: ~cc~bc ... cBACc (104 whitespace)
Line 4: BC ... BB (1196 whitespace)
Line 5: bba~cAC ... A (2763 whitespace)
Line 6: ABBA~ ... Bc (1696 whitespace)
Line 7: cabA~~c ... ~~cA~b (638 whitespace)
Line 8: CaCa ... ~ (520 whitespace)
Line 9: Aaa~Ab ... Aaa~Ab (11094 whitespace)
Paragraph 43
Line 1: a ... b (382 whitespace)
Line 2: a ... acbAC (15029 whitespace)
Paragraph 44
Line 1: Ac~ ... CACAAcA~ (1941 whitespace)
Line 2: BBCabA ... CbB (2069 whitespace)
Line 3: AaAa ... C (1766 whitespace)
Line 4: AcABAc ... ~~BA (2069 whitespace)
Line 5: AbCcb~~ ... ab (8379 whitespace)
Paragraph 45
Line 1: bAA~c ... BCB (832 whitespace)
Line 2: bBbCACA ... A (2987 whitespace)
Line 3: aBbb~B~ ... Ca (3068 whitespace)
Line 4: aaaCcAA ... ~ (1169 whitespace)
Line 5: cc~aB ... ~ (3 whitespace)
Line 6: C ... AaAc (14 whitespace)
Line 7: bC ... cBbb~ (1439 whitespace)
Line 8: ~~A ... bc (4519 whitespace)
Paragraph 46
Line 1: BA ... BCAB (231 whitespace)
Line 2: aACAC~ (-1287 whitespace)
Line 3: CbAC~b (-946 whitespace)
Line 4: b ... b (317 whitespace)
Line 5: aC (-346 whitespace)
Line 6: bCcc (-1018 whitespace)
Line 7: CA~bBAC (-1076 whitespace)
Line 8: c~ (-401 whitespace)
Line 9: cB~Bab~A (-2207 whitespace)
Line 10: c~b (-622 whitespace)
Line 11: c (-5 whitespace)
Line 12: a (-97 whitespace)
Line 13: a (-97 whitespace)
Line 14: B ... B (335 whitespace)
Line 15: Ca~~~A (-1682 whitespace)
Line 16: CbB (-1865 whitespace)
Line 17: ~ (-143 whitespace)
Line 18: A ... A (206 whitespace)
Line 19: aAb (-402 whitespace)
Line 20: bbA (-458 whitespace)
Line 21: ca (-364 whitespace)
Line 22: ~ (-143 whitespace)
Line 23: AACbAC (-792 whitespace)
Line 24: CaCCBC (-575 whitespace)
Line 25: bbA~~A (-1422 whitespace)
Line 26: a~aC (-1682 whitespace)
Line 27: c~ ... c~ (91 whitespace)
Line 28: c ... c (430 whitespace)
Line 29: BBcA (-507 whitespace)
Line 30: ~ ... ~ (352 whitespace)
Line 31: AbAA (-1597 whitespace)
Line 32: cacaAc (-706 whitespace)
Line 33: ~~aB (-1246 whitespace)
Line 34: cAac (-945 whitespace)
Line 35: cCBC (-450 whitespace)
Line 36: BAABcCB (-1027 whitespace)
Line 37: bc~ACAB (-1223 whitespace)
Line 38: ababcBab (-2524 whitespace)
Line 39: bB ... bB (147 whitespace)
Line 40: ~ac (-917 whitespace)
Line 41: AAb ... AAb (77 whitespace)
Line 42: ABaBABc~ (-1672 whitespace)
Line 43: b~cB (-677 whitespace)
Line 44: cC (-168 whitespace)
Line 45: B ... B (357 whitespace)
Line 46: Baa~C (-1350 whitespace)
Line 47: C~aBABAc (-2013 whitespace)
Line 48: aA~A (-802 whitespace)
Line 49: aC (-356 whitespace)
Line 50: cb~~ (-528 whitespace)
Line 51: CAbA ... CAbA (13 whitespace)
Line 52: A ... A (437 whitespace)
Line 53: c ... c (166 whitespace)
Line 54: CCCc (-249 whitespace)
Line 55: bbcb (-198 whitespace)
Line 56: ~~ ... ~~ (402 whitespace)
Line 57: ~Bc~bAA (-1234 whitespace)
Line 58: c ... c (409 whitespace)
Line 59: acCB ... acCB (389 whitespace)
Line 60: b~bAbaBC ... b~bAbaBC (133 whitespace)
Line 61: Bb ... ac (170 whitespace)
Line 62: baA ... c (106 whitespace)
Line 63: ~B~ (-84 whitespace)
Line 64: C ... C (0 whitespace)
Line 65: b ... b (8 whitespace)
Line 66: ~~ ... c (30 whitespace)
Line 67: abb ... abb (171 whitespace)
Line 68: aCccBb (-305 whitespace)
Line 69: ccaaAA (-404 whitespace)
Line 70: cC ... cC (90 whitespace)
Line 71: caba~ (-134 whitespace)
Line 72: a~ ... a~ (220 whitespace)
Line 73: acAAcC (-208 whitespace)
Line 74: ccA ... ccA (77 whitespace)
Line 75: a ... a (304 whitespace)
Line 76: ~cCbab (-332 whitespace)
Line 77: cAB ... cAB (114 whitespace)
Line 78: b ... b (422 whitespace)
Line 79: a~a ... a~a (109 whitespace)
Line 80: ~caCc (-318 whitespace)
Line 81: Ca~ (-289 whitespace)
Line 82: AAcb (-362 whitespace)
Line 83: AC (-23 whitespace)
Line 84: bB~B (-587 whitespace)
Line 85: CcC ... CcC (144 whitespace)
Line 86: BCB (-250 whitespace)
Line 87: ~B~Aacb (-634 whitespace)
Line 88: BCCBAB (-1019 whitespace)
Line 89: cac~ ... cac~ (16 whitespace)
Line 90: aaA (-659 whitespace)
Line 91: B ... B (279 whitespace)
Line 92: ~bABB (-768 whitespace)
Line 93: A ... A (152 whitespace)
Line 94: cA~B (-517 whitespace)
Line 95: ~CABCaAb (-1512 whitespace)
Line 96: C ... C (369 whitespace)
Line 97: ~b ... ~b (136 whitespace)
Line 98: ACA~CaBB (-1492 whitespace)
Line 99: CC~BC ... ~ (121 whitespace)
Line 100: ~ca ... ~ca (336 whitespace)
Line 101: A ... A (256 whitespace)
Line 102: c~ACbAAB (-683 whitespace)
Line 103: A ... A (331 whitespace)
Line 104: cb (-50 whitespace)
Paragraph 47
Line 1: b~ ... b~caC (793 whitespace)
Line 2: AC ... C~bc (217 whitespace)
Line 3: aBa ... b~~A~ (171 whitespace)
Line 4: a~~Ca ... ~ (199 whitespace)
Line 5: ACaCbA ... Cb (2224 whitespace)
Paragraph 48
Line 1: BaaCC ... b (654 whitespace)
Line 2: A~b ... cA~ (21606 whitespace)
Paragraph 49
Line 1: BAbBcc ... AC (424 whitespace)
Line 2: aA~BbAc ... C (210 whitespace)
Line 3: a ... a (279 whitespace)
Line 4: ~ ... ~ (591 whitespace)
Line 5: ~b~CaB (-1625 whitespace)
Line 6: a ... a (533 whitespace)
Line 7: cBaA (-969 whitespace)
Line 8: CCcAAa (-1904 whitespace)
Line 9: aBb (-485 whitespace)
Line 10: caB ... c (229 whitespace)
Line 11: AacbBCa~ ... bBCbBCB~ (57 whitespace)
Line 12: CBc ... ~Cc~CC (45 whitespace)
Line 13: BbBB ... c~B (312 whitespace)
Line 14: cBc~B (-1374 whitespace)
Line 15: ~c ... ~c (338 whitespace)
Line 16: Baaa~ (-1333 whitespace)
Line 17: ~ ... ~ (363 whitespace)
Line 18: bbC~cB (-1448 whitespace)
Line 19: b ... c (472 whitespace)
Line 20: Aaab~BB ... Aaab~BB (267 whitespace)
Line 21: abbCba ... bA (100 whitespace)
Line 22: cB~b (-784 whitespace)
Line 23: bb ... bb (291 whitespace)
Line 24: cb ... b (88 whitespace)
Line 25: bABbC (-1822 whitespace)
Line 26: ~bccA (-758 whitespace)
Line 27: b ... b (238 whitespace)
Line 28: baBa (-1515 whitespace)
Line 29: B ... B (282 whitespace)
Line 30: ~ ... ~ (573 whitespace)
Line 31: AcB (-1162 whitespace)
Line 32: c~CC (-765 whitespace)
Line 33: bABCCC (-2605 whitespace)
Line 34: C ... C (309 whitespace)
Line 35: babcCCBc (-1964 whitespace)
Line 36: ac~b (-381 whitespace)
Line 37: A ... A (10 whitespace)
Line 38: ab~ (-352 whitespace)
Line 39: C ... C (580 whitespace)
Line 40: c ... c (276 whitespace)
Line 41: BCBAaA (-507 whitespace)
Line 42: a ... a (298 whitespace)
Line 43: ~ ... ~ (259 whitespace)
Line 44: BCBBAb (-593 whitespace)
Line 45: ~ ... ~ (134 whitespace)
Line 46: a ... a (657 whitespace)
Line 47: cCB ... cCB (99 whitespace)
Line 48: b ... c (63 whitespace)
Line 49: BbA ... BbA (237 whitespace)
Line 50: B ... B (669 whitespace)
Line 51: AccAB (-675 whitespace)
Line 52: CA (-15 whitespace)
Line 53: B ... B (537 whitespace)
Line 54: aAbc (-111 whitespace)
Line 55: BbA~cc (-807 whitespace)
Line 56: abAccBcc (-723 whitespace)
Line 57: b ... b (345 whitespace)
Line 58: C ... C (477 whitespace)
Line 59: cA ... cA (387 whitespace)
Line 60: baBB~ (-1207 whitespace)
Line 61: a~c ... AAa (314 whitespace)
Line 62: aa ... A (78 whitespace)
Line 63: a ... a (680 whitespace)
Line 64: C~Ba~b ... C~Ba~b (145 whitespace)
Line 65: C~ ... C~ (801 whitespace)
Line 66: ~BBcBb (-2522 whitespace)
Line 67: B~bCBa~ (-2579 whitespace)
Line 68: Ccbb (-1487 whitespace)
Line 69: Ac (-705 whitespace)
Line 70: ~ ... A (195 whitespace)
Line 71: A~AAb~ (-161 whitespace)
Line 72: A~bABb (-232 whitespace)
Line 73: c ... c (765 whitespace)
Line 74: BACBA (-156 whitespace)
Line 75: CcaAc ... CcaAc (214 whitespace)
Line 76: ~b ... ~b (440 whitespace)
Line 77: ~aCb (-756 whitespace)
Line 78: BA (-712 whitespace)
Line 79: B~aAa (-576 whitespace)
Paragraph 50
Line 1: ~ ... bc (2069 whitespace)
Line 2: CCb ... ~cc (794 whitespace)
Line 3: A~ ... bcb (5686 whitespace)
Paragraph 51
Line 1: bA ... bBACC~aA (2501 whitespace)
Line 2: bCBc~~ ... aca (786 whitespace)
Line 3: ba ... C~ (1023 whitespace)
Line 4: CA ... c (14409 whitespace)
Paragraph 52
Line 1: ccA~b~cC ... CC (406 whitespace)
Line 2: ~BcCacac ... ~~ (728 whitespace)
Line 3: ~AcBa ... A (460 whitespace)
Line 4: B~a ... B (80 whitespace)
Line 5: cB~Bcaa ... b~C (13211 whitespace)
Paragraph 53
Line 1: BCB ... bbB~a~b (396 whitespace)
Line 2: cb~c ... BAbc (499 whitespace)
Line 3: bA~ ... ~ (893 whitespace)
Line 4: cB ... B~cB~ (124 whitespace)
Line 5: a ... b (409 whitespace)
Line 6: AAA~~C ... bB~bA (290 whitespace)
Line 7: Ccb~Abc ... bB (2207 whitespace)
Line 8: bAbb ... bBbBbA (201 whitespace)
Line 9: CacA ... a (3276 whitespace)
Paragraph 54
Line 1: bbC~ ... Ca (1163 whitespace)
Line 2: b~c~cb ... ~ (3700 whitespace)
Paragraph 55
Line 1: c ... A (1350 whitespace)
Line 2: a~Ba ... ab (8680 whitespace)
Paragraph 56
Line 1: ~b ... cAA~ (1366 whitespace)
Line 2: C~c~AC~ ... ~Aa (365 whitespace)
Line 3: Bc ... BA (23829 whitespace)
Paragraph 57
Line 1: ~ba~ ... baBC~bB (1641 whitespace)
Line 2: cCCCC ... abB (618 whitespace)
Line 3: ac ... aAA (1060 whitespace)
Line 4: Ca~ba ... Ca~ba (19072 whitespace)
Paragraph 58
Line 1: ~Aac ... A~aB (225 whitespace)
Line 2: BABA ... a (361 whitespace)
Line 3: AC (-237 whitespace)
Line 4: bccAaa (-185 whitespace)
Line 5: bcCbb (-562 whitespace)
Line 6: ~ ... a (780 whitespace)
Line 7: AcbAA ... AcbAA (270 whitespace)
Line 8: A ... A (854 whitespace)
Line 9: baBAAAb~ (-4 whitespace)
Line 10: ~ ... ~~a~ (317 whitespace)
Line 11: AaC ... AaC (563 whitespace)
Line 12: C~CaB~BA (-1458 whitespace)
Line 13: cca ... cca (618 whitespace)
Line 14: aaB ... aaB (501 whitespace)
Line 15: B ... B (677 whitespace)
Line 16: acc~b ... acc~b (70 whitespace)
Line 17: b~~bca ... b~~bca (3 whitespace)
Line 18: b ... b (462 whitespace)
Line 19: ~CBa ... B (237 whitespace)
Line 20: Ab ... ac (10 whitespace)
Line 21: c~ ... ~ (220 whitespace)
Line 22: cbcB ... BbBCca (155 whitespace)
Line 23: c ... a (420 whitespace)
Line 24: ~a~A ... C (427 whitespace)
Line 25: A~abBccA ... A~abBccA (122 whitespace)
Line 26: A ... cb (474 whitespace)
Line 27: CCc ... B (289 whitespace)
Line 28: CaC ... CaC (586 whitespace)
Line 29: A~Bc ... A~Bc (521 whitespace)
Line 30: acCb ... acCb (15 whitespace)
Line 31: Cc ... Cc (594 whitespace)
Line 32: Abacaac (-612 whitespace)
Line 33: bbABcbC (-151 whitespace)
Line 34: C ... ~~ (263 whitespace)
Line 35: bcCA (-389 whitespace)
Line 36: ~bBaBAB (-2840 whitespace)
Line 37: c~B~bc (-888 whitespace)
Line 38: Ba ... ~c (450 whitespace)
Line 39: aB~cC ... cbC (77 whitespace)
Line 40: BBc~ ... bcaa (15 whitespace)
Line 41: ~BbbAC (-217 whitespace)
Line 42: ~Aa ... ~Aa (407 whitespace)
Line 43: ACB~c ... ACB~c (226 whitespace)
Line 44: BbAacC ... a (61 whitespace)
Line 45: b ... b (821 whitespace)
Line 46: BAbbB (-23 whitespace)
Line 47: b ... b (821 whitespace)
Line 48: Ccb~C ... Ccb~C (250 whitespace)
Line 49: B ... B (797 whitespace)
Line 50: Bba ... Bba (429 whitespace)
Line 51: cBA~BbA (-695 whitespace)
Line 52: AbA (-33 whitespace)
Line 53: AacB~B (-62 whitespace)
Line 54: aB ... c (300 whitespace)
Line 55: ~CAA ... ~CAA (192 whitespace)
Line 56: A ... A (865 whitespace)
Line 57: Bcc ... Bcc (236 whitespace)
Line 58: CAaCb ... Cb (91 whitespace)
Line 59: bCBA~Ba (-2075 whitespace)
Line 60: ~bac ... ~bac (170 whitespace)
Line 61: ab ... ab (593 whitespace)
Line 62: CbAab~ (-342 whitespace)
Line 63: ~AAaCa (-593 whitespace)
Line 64: C~ ... ~bBaaBa (967 whitespace)
Paragraph 59
Line 1: CCCb ... b (665 whitespace)
Line 2: ~~ca~ ... BC (354 whitespace)
Line 3: ccbaAac ... CC (1230 whitespace)
Line 4: BAbC~ ... BAbC~ (1585 whitespace)
Line 5: AcbbAc ... c (430 whitespace)
Line 6: CABbaaAA ... CABbaaAA (1195 whitespace)
Line 7: BaCaBB ... ~CB (130 whitespace)
Line 8: Cc ... b (153 whitespace)
Line 9: ~cBBAB ... CBbcccA (98 whitespace)
Line 10: aBC~c~a ... Ba (236 whitespace)
Line 11: cC~ ... ~cB (1397 whitespace)
Line 12: AaAAaB (-1219 whitespace)
Line 13: caAA~cC (-308 whitespace)
Line 14: ~a ... C (53 whitespace)
Line 15: ACB ... Bb (28 whitespace)
Line 16: ~bCcb ... ~caa (1058 whitespace)
Line 17: cAcB ... cAcB (1597 whitespace)
Line 18: AaA ... CC (966 whitespace)
Line 19: cAAAC~ ... cAAAC~ (1030 whitespace)
Line 20: ac ... cAba (517 whitespace)
Line 21: b ... CCcA (160 whitespace)
Line 22: cCB~ ... C~aab (397 whitespace)
Line 23: BaCb ... BaCb (1194 whitespace)
Line 24: caa ... b (1138 whitespace)
Line 25: b ... C~c~ (638 whitespace)
Line 26: A ... A~ (784 whitespace)
Line 27: Cb~aBABB ... Cb~aBABB (1529 whitespace)
Line 28: CC~CCBbB ... ~a (328 whitespace)
Line 29: A ... C~ (651 whitespace)
Line 30: aCB ... c (1811 whitespace)
Line 31: cABAbc~~ (-346 whitespace)
Line 32: ~~ ... ~~ (1778 whitespace)
Line 33: bC~AAbb ... B (326 whitespace)
Line 34: C~ ... cCaBa (213 whitespace)
Line 35: ca ... aabCA~c (969 whitespace)
Line 36: A~bCc ... ~ (692 whitespace)
Paragraph 60
Line 1: C ... BCA (454 whitespace)
Line 2: ~cAabbC ... ~cAabbC (366 whitespace)
Line 3: A~C ... A~C (448 whitespace)
Line 4: cCBcbcC ... cCBcbcC (153 whitespace)
Line 5: ~~ ... ac (209 whitespace)
Line 6: a~A ... A (297 whitespace)
Line 7: AB (-737 whitespace)
Line 8: B ... B (70 whitespace)
Line 9: ccC (-544 whitespace)
Line 10: aB (-631 whitespace)
Line 11: Bc (-218 whitespace)
Line 12: cbB (-1015 whitespace)
Line 13: CB~ (-1707 whitespace)
Line 14: bBacaA (-3224 whitespace)
Line 15: c~ (-285 whitespace)
Line 16: bbAB (-2331 whitespace)
Line 17: c~B (-1121 whitespace)
Line 18: A ... A (3 whitespace)
Line 19: Bb (-352 whitespace)
Line 20: A~BA (-2207 whitespace)
Line 21: A ... A (70 whitespace)
Line 22: ACB (-1399 whitespace)
Line 23: Abccb (-290 whitespace)
Line 24: CcccaC (-375 whitespace)
Line 25: B~ABCBc (-2256 whitespace)
Line 26: ab ... ab (463 whitespace)
Line 27: ~A~BA (-1573 whitespace)
Line 28: CaA (-291 whitespace)
Line 29: ca ... ca (236 whitespace)
Line 30: Ac ... Ac (165 whitespace)
Line 31: bACaAAb (-2879 whitespace)
Line 32: cCCb ... cCCb (21 whitespace)
Line 33: bA~b ... bA~b (123 whitespace)
Line 34: ca ... aC (301 whitespace)
Line 35: acC ... A (199 whitespace)
Line 36: ~~ ... abABB (266 whitespace)
Line 37: babABb ... A~Ac~B (37 whitespace)
Line 38: caCA ... bCCAA (49 whitespace)
Line 39: ACb ... CCBC (330 whitespace)
Line 40: aA ... aB (307 whitespace)
Line 41: cB ... Aaaa (89 whitespace)
Line 42: CBc~ ... CBc~ (253 whitespace)
Line 43: ab ... bcB (257 whitespace)
Line 44: CAC ... c (1 whitespace)
Line 45: AAaA ... ac (43 whitespace)
Line 46: C ... C (351 whitespace)
Line 47: C~BB~ (-284 whitespace)
Line 48: A~BbB (-288 whitespace)
Line 49: aa ... B (168 whitespace)
Line 50: BccC~CcC ... A (274 whitespace)
Line 51: Cb~cB ... ACA (21 whitespace)
Line 52: aBAAaAa ... B (421 whitespace)
Line 53: bCcCAcCa ... ac (86 whitespace)
Paragraph 61
Line 1: bbAa ... BAA (433 whitespace)
Line 2: Ccbb~~b ... A (3468 whitespace)
Line 3: aAABAC ... ~ABb (37 whitespace)
Line 4: ~ ... bA (1164 whitespace)
Line 5: b ... Aaa (1246 whitespace)
Line 6: AACc ... CAA (983 whitespace)
Line 7: ABb ... BbBBAc (207 whitespace)
Line 8: ~a ... bcCCB (4128 whitespace)
Paragraph 62
Line 1: bCBc~ ... BBbC (2119 whitespace)
Line 2: BC~c~CCC ... b (860 whitespace)
Line 3: cBa ... BabA (2229 whitespace)
Line 4: ~bba~CB ... C (3099 whitespace)
Line 5: c~~BAA ... ACa (1064 whitespace)
Line 6: AaB ... aA (19508 whitespace)
Paragraph 63
Line 1: cAc~CAAc ... ~Bc (1195 whitespace)
Line 2: AcCbA ... ~ (13671 whitespace)
Paragraph 64
Line 1: aB ... Bc~ (154 whitespace)
Line 2: AA ... bb (4220 whitespace)
Paragraph 65
Line 1: BBA ... B (204 whitespace)
Line 2: aBb ... bC (1141 whitespace)
Line 3: Abac ... Bb (1225 whitespace)
Line 4: BBCAB ... C~A (660 whitespace)
Line 5: AA ... Cab (811 whitespace)
Line 6: aA~aA ... c (7 whitespace)
Line 7: bA~ ... AAc (1244 whitespace)
Line 8: ~ccA ... ~ccA (4065 whitespace)
Line 9: b~ABaCC ... b~ABaCC (1617 whitespace)
Line 10: aBC ... BC~ (2006 whitespace)
Line 11: aCCcbb ... bBCcbaa (292 whitespace)
Line 12: cCCcCb ... ~c (437 whitespace)
Line 13: aCbC ... abbABcAB (501 whitespace)
Line 14: AcBACB ... cb (1791 whitespace)
Line 15: cABac ... Caa (1466 whitespace)
Line 16: AAaacc~ ... Bba (387 whitespace)
Line 17: acBaAB ... Bc (1294 whitespace)
Line 18: aB ... a (1496 whitespace)
Line 19: caB~A ... BCcc (406 whitespace)
Line 20: bbbAcaAc ... C (32 whitespace)
Line 21: Bbb ... B (911 whitespace)
Line 22: CCAb ... abc (513 whitespace)
Line 23: ABA ... b~b (3699 whitespace)
Paragraph 66
Line 1: BA~ca ... CBb (12185 whitespace)
Paragraph 67
Line 1: ~bccBB ... bbBb~ (268 whitespace)
Line 2: A ... A (76 whitespace)
Line 3: A~bAAA ... aCb~b (1703 whitespace)
Line 4: CCBab ... c (11247 whitespace)
Paragraph 68
Line 1: B ... AA (4324 whitespace)
Line 2: cbCCBA ... ac (1824 whitespace)
Line 3: b~CA~aa ... aCACBc (1898 whitespace)
Line 4: ~b~b~ ... b (11420 whitespace)
Paragraph 69
Line 1: A~Ca~ ... Ac (1044 whitespace)
Line 2: B ... cCb (786 whitespace)
Line 3: ~BBACBcB ... abABC (864 whitespace)
Line 4: A~Ca~~ ... a (14083 whitespace)
Paragraph 70
Line 1: a ... Bc (3025 whitespace)
Line 2: aCc~BBBa ... ccc (248 whitespace)
Line 3: ~ ... baBb~BA (444 whitespace)
Line 4: A~ ... ~~abab (48 whitespace)
Line 5: ~Aa ... cb (913 whitespace)
Line 6: CcC ... a~bbAC~~ (322 whitespace)
Line 7: Ac ... bc (2526 whitespace)
Line 8: aAa ... Aa (836 whitespace)
Line 9: Cbb ... Cbb (12729 whitespace)
Paragraph 71
Line 1: cAb ... AccA (29040 whitespace)
Paragraph 72
Line 1: A~C ... A~C (660 whitespace)
Line 2: CCBBcC ... C (14 whitespace)
Line 3: cB ... b (314 whitespace)
Line 4: b ... b (934 whitespace)
Line 5: cAcbA ... cAcbA (152 whitespace)
Line 6: c~CAC (-113 whitespace)
Line 7: c ... c (657 whitespace)
Line 8: BAc~a~aB (-755 whitespace)
Line 9: ccac ... ccac (280 whitespace)
Line 10: aABBaCA (-2246 whitespace)
Line 11: a ... a (943 whitespace)
Line 12: ABbccC (-1832 whitespace)
Line 13: C ... C (444 whitespace)
Line 14: c~ ... c~ (722 whitespace)
Line 15: ~ ... ~ (943 whitespace)
Line 16: C ... C (444 whitespace)
Line 17: C ... C~b (366 whitespace)
Line 18: ba ... BA (296 whitespace)
Line 19: ~cB ... ~cB (667 whitespace)
Line 20: bAA ... bAA (455 whitespace)
Line 21: b~~cC~a (-4253 whitespace)
Line 22: aCA ... CB (80 whitespace)
Line 23: CBc ... CBc (528 whitespace)
Line 24: ~~aBCA (-22 whitespace)
Line 25: A~B ... Ca (2 whitespace)
Line 26: A~ ... B~ (255 whitespace)
Line 27: abcC~ ... ~ (179 whitespace)
Line 28: BbAAcA ... BbAAcA (242 whitespace)
Line 29: CCc~cBbA (-6 whitespace)
Line 30: ACb ... ACb (593 whitespace)
Line 31: cA~CBc ... cA~CBc (308 whitespace)
Line 32: ~~b ... ~Ba (65 whitespace)
Line 33: ~A ... b~~ (348 whitespace)
Line 34: bba ... B~ (178 whitespace)
Line 35: cbAba~ ... cbAba~ (300 whitespace)
Line 36: abaBa ... abaBa (642 whitespace)
Line 37: CabbbC ... CabbbC (78 whitespace)
Line 38: Bc ... Bc (380 whitespace)
Line 39: bc ... bc (355 whitespace)
Line 40: aABA (-493 whitespace)
Line 41: A ... aa (135 whitespace)
Line 42: CbCCbB (-2131 whitespace)
Line 43: ACCcaa (-2725 whitespace)
Line 44: Ca (-21 whitespace)
Line 45: aC~a ... cC (827 whitespace)
Line 46: caCA (-277 whitespace)
Paragraph 73
Line 1: A ... ~ (843 whitespace)
Line 2: cba ... C (854 whitespace)
Line 3: C~ ... C~b (522 whitespace)
Line 4: ACc ... ccCa (217 whitespace)
Line 5: ccCCcA ... ccaa (15392 whitespace)
Paragraph 74
Line 1: c~ ... cA (8635 whitespace)
Paragraph 75
Line 1: A ... aa (291 whitespace)
Line 2: baA ... BCC (15 whitespace)
Line 3: ~CccAA ... cC~ (274 whitespace)
Line 4: c~ ... AC (351 whitespace)
Line 5: bCA ... bC (362 whitespace)
Line 6: cB~ ... c~c (666 whitespace)
Paragraph 76
Line 1: AAC~BCC ... C~ (1376 whitespace)
Line 2: ~B ... a (211 whitespace)
Line 3: ~aa ... Cbc~a (1190 whitespace)
Line 4: aaBCbA ... BBC (2206 whitespace)
Paragraph 77
Line 1: Aaca~ ... C~cCABa (48 whitespace)
Line 2: ab ... b (578 whitespace)
Line 3: babAB ... b (2289 whitespace)
Line 4: CbA~ ... ~ (597 whitespace)
Line 5: CCb ... b~ (4854 whitespace)
Paragraph 78
Line 1: Bc ... b (522 whitespace)
Line 2: a ... a (179 whitespace)
Line 3: ab ... aac (1926 whitespace)
Line 4: ACB~aB ... A~CbC (3352 whitespace)
Line 5: CaAA~b ... ~ac~~ (2390 whitespace)
Line 6: ~Cb~B~CC ... ~Bb (1225 whitespace)
Line 7: Aa~C ... bB~C (658 whitespace)
Line 8: B ... c (147 whitespace)
Line 9: cabB ... Ab~ (10227 whitespace)
Paragraph 79
Line 1: Cb ... AA (1354 whitespace)
Line 2: b~aa ... A (1358 whitespace)
Line 3: ca ... b (135 whitespace)
Line 4: ~ACCCb ... bBacCCaa (144 whitespace)
Line 5: AABbA ... BBC~bBC (358 whitespace)
Line 6: bbC ... bBaAb~a (1230 whitespace)
Paragraph 80
Line 1: Abba ... CbBcC~ (428 whitespace)
Line 2: B ... Cc (226 whitespace)
Line 3: AaAb ... A (332 whitespace)
Line 4: bc ... ~b~ (2017 whitespace)
Line 5: B~~b ... aa (1454 whitespace)
Line 6: bAcc ... C (919 whitespace)
Line 7: CCcB~a ... c (9032 whitespace)
Paragraph 81
Line 1: ~B ... AC (56 whitespace)
Line 2: cca ... bAcB (494 whitespace)
Line 3: ~A ... ~b (1750 whitespace)
Line 4: bccbA ... aa (176 whitespace)
Line 5: aABAcc ... aC (472 whitespace)
Line 6: AAa ... a (2266 whitespace)
Line 7: ~aA ... BAAb (2220 whitespace)
Line 8: A~bc~A ... b (3212 whitespace)
Paragraph 82
Line 1: ac~~bbc ... Caa~ca (1479 whitespace)
Line 2: abBaC ... bCAc (2170 whitespace)
Line 3: bCaABCC ... BB~ (392 whitespace)
Line 4: CbCB ... AB (2978 whitespace)
Line 5: cAB ... ~cBB (3553 whitespace)
Line 6: BcAc ... a (1660 whitespace)
Line 7: ccbAbb ... ~a (533 whitespace)
Line 8: b~CcaB ... ~ (425 whitespace)
Line 9: AAa~c ... b (1377 whitespace)
Line 10: BAB ... ~~B (393 whitespace)
Line 11: a~CbaCbA ... bcA (390 whitespace)
Line 12: AAC ... Ba (1916 whitespace)
Line 13: abbAca ... ~ (983 whitespace)
Line 14: ACC ... a~B (848 whitespace)
Line 15: bc ... bc (10723 whitespace)
Paragraph 83
Line 1: AcA ... Cc (1645 whitespace)
Line 2: cBa~ ... ~AcCbA (395 whitespace)
Line 3: bBc~Cb ... BCab (1068 whitespace)
Line 4: aaBB ... a (607 whitespace)
Line 5: ac~ ... A~ABB (10650 whitespace)
Paragraph 84
Line 1: b ... bcababB (1092 whitespace)
Line 2: CB~CcCaa ... AB (31 whitespace)
Line 3: Ccc~Bc ... aB~b (698 whitespace)
Line 4: Ba ... caA (1024 whitespace)
Line 5: C ... C~c (1566 whitespace)
Line 6: A ... C (113 whitespace)
Line 7: a ... AACA~B (658 whitespace)
Line 8: cbB ... a (75 whitespace)
Line 9: B ... cbA (171 whitespace)
Line 10: BBb ... 5988 (10774 whitespace)
